{"G:\\Final\\client\\src\\App.tsx": {"path":"G:\\Final\\client\\src\\App.tsx","statementMap":{"0":{"start":{"line":18,"column":34},"end":{"line":18,"column":67}},"1":{"start":{"line":19,"column":19},"end":{"line":19,"column":35}},"2":{"start":{"line":21,"column":2},"end":{"line":29,"column":3}},"3":{"start":{"line":22,"column":26},"end":{"line":22,"column":68}},"4":{"start":{"line":23,"column":4},"end":{"line":28,"column":5}},"5":{"start":{"line":24,"column":6},"end":{"line":24,"column":52}},"6":{"start":{"line":25,"column":6},"end":{"line":25,"column":36}},"7":{"start":{"line":27,"column":6},"end":{"line":27,"column":34}},"8":{"start":{"line":31,"column":21},"end":{"line":31,"column":64}},"9":{"start":{"line":32,"column":22},"end":{"line":32,"column":62}},"10":{"start":{"line":34,"column":2},"end":{"line":43,"column":42}},"11":{"start":{"line":35,"column":4},"end":{"line":38,"column":5}},"12":{"start":{"line":36,"column":6},"end":{"line":36,"column":47}},"13":{"start":{"line":37,"column":6},"end":{"line":37,"column":34}},"14":{"start":{"line":40,"column":4},"end":{"line":42,"column":5}},"15":{"start":{"line":41,"column":6},"end":{"line":41,"column":34}},"16":{"start":{"line":45,"column":2},"end":{"line":47,"column":3}},"17":{"start":{"line":46,"column":4},"end":{"line":46,"column":33}},"18":{"start":{"line":49,"column":2},"end":{"line":49,"column":24}}},"fnMap":{"0":{"name":"App","decl":{"start":{"line":17,"column":9},"end":{"line":17,"column":12}},"loc":{"start":{"line":17,"column":15},"end":{"line":50,"column":1}},"line":17},"1":{"name":"(anonymous_1)","decl":{"start":{"line":34,"column":12},"end":{"line":34,"column":13}},"loc":{"start":{"line":34,"column":18},"end":{"line":43,"column":3}},"line":34}},"branchMap":{"0":{"loc":{"start":{"line":21,"column":2},"end":{"line":29,"column":3}},"type":"if","locations":[{"start":{"line":21,"column":2},"end":{"line":29,"column":3}},{"start":{},"end":{}}],"line":21},"1":{"loc":{"start":{"line":22,"column":26},"end":{"line":22,"column":68}},"type":"binary-expr","locations":[{"start":{"line":22,"column":26},"end":{"line":22,"column":62}},{"start":{"line":22,"column":66},"end":{"line":22,"column":68}}],"line":22},"2":{"loc":{"start":{"line":23,"column":4},"end":{"line":28,"column":5}},"type":"if","locations":[{"start":{"line":23,"column":4},"end":{"line":28,"column":5}},{"start":{"line":26,"column":11},"end":{"line":28,"column":5}}],"line":23},"3":{"loc":{"start":{"line":35,"column":4},"end":{"line":38,"column":5}},"type":"if","locations":[{"start":{"line":35,"column":4},"end":{"line":38,"column":5}},{"start":{},"end":{}}],"line":35},"4":{"loc":{"start":{"line":35,"column":8},"end":{"line":35,"column":66}},"type":"binary-expr","locations":[{"start":{"line":35,"column":8},"end":{"line":35,"column":37}},{"start":{"line":35,"column":41},"end":{"line":35,"column":52}},{"start":{"line":35,"column":56},"end":{"line":35,"column":66}}],"line":35},"5":{"loc":{"start":{"line":40,"column":4},"end":{"line":42,"column":5}},"type":"if","locations":[{"start":{"line":40,"column":4},"end":{"line":42,"column":5}},{"start":{},"end":{}}],"line":40},"6":{"loc":{"start":{"line":40,"column":8},"end":{"line":40,"column":68}},"type":"binary-expr","locations":[{"start":{"line":40,"column":8},"end":{"line":40,"column":37}},{"start":{"line":40,"column":41},"end":{"line":40,"column":53}},{"start":{"line":40,"column":57},"end":{"line":40,"column":68}}],"line":40},"7":{"loc":{"start":{"line":45,"column":2},"end":{"line":47,"column":3}},"type":"if","locations":[{"start":{"line":45,"column":2},"end":{"line":47,"column":3}},{"start":{},"end":{}}],"line":45}},"s":{"0":10,"1":10,"2":10,"3":4,"4":4,"5":3,"6":3,"7":1,"8":10,"9":10,"10":10,"11":4,"12":1,"13":1,"14":4,"15":1,"16":10,"17":7,"18":3},"f":{"0":10,"1":4},"b":{"0":[4,6],"1":[4,1],"2":[3,1],"3":[1,3],"4":[4,2,1],"5":[1,3],"6":[4,2,1],"7":[7,3]},"_coverageSchema":"1a1c01bbd47fc00a2c39e90264f33305004495a9","hash":"4bdf55ca082ecaa9694295c5d3b78e1ca374e86b"}
,"G:\\Final\\client\\src\\firebase.ts": {"path":"G:\\Final\\client\\src\\firebase.ts","statementMap":{"0":{"start":{"line":3,"column":23},"end":{"line":10,"column":1}},"1":{"start":{"line":13,"column":12},"end":{"line":13,"column":41}}},"fnMap":{},"branchMap":{},"s":{"0":0,"1":0},"f":{},"b":{}}
,"G:\\Final\\client\\src\\index.tsx": {"path":"G:\\Final\\client\\src\\index.tsx","statementMap":{"0":{"start":{"line":15,"column":0},"end":{"line":22,"column":3}},"1":{"start":{"line":24,"column":13},"end":{"line":36,"column":1}},"2":{"start":{"line":25,"column":2},"end":{"line":35,"column":4}},"3":{"start":{"line":37,"column":0},"end":{"line":37,"column":22}}},"fnMap":{"0":{"name":"(anonymous_0)","decl":{"start":{"line":24,"column":13},"end":{"line":24,"column":14}},"loc":{"start":{"line":24,"column":48},"end":{"line":36,"column":1}},"line":24}},"branchMap":{},"s":{"0":0,"1":0,"2":0,"3":0},"f":{"0":0},"b":{}}
,"G:\\Final\\client\\src\\__tests__\\mocks\\comment.mock.ts": {"path":"G:\\Final\\client\\src\\__tests__\\mocks\\comment.mock.ts","statementMap":{"0":{"start":{"line":4,"column":36},"end":{"line":10,"column":1}},"1":{"start":{"line":12,"column":36},"end":{"line":18,"column":1}},"2":{"start":{"line":20,"column":35},"end":{"line":25,"column":1}}},"fnMap":{},"branchMap":{},"s":{"0":1,"1":1,"2":1},"f":{},"b":{},"_coverageSchema":"1a1c01bbd47fc00a2c39e90264f33305004495a9","hash":"1846785fd74d1dd8ad4df646ea2894a64a10d10f"}
,"G:\\Final\\client\\src\\__tests__\\mocks\\post.mock.ts": {"path":"G:\\Final\\client\\src\\__tests__\\mocks\\post.mock.ts","statementMap":{"0":{"start":{"line":4,"column":37},"end":{"line":10,"column":1}},"1":{"start":{"line":12,"column":37},"end":{"line":18,"column":1}},"2":{"start":{"line":20,"column":39},"end":{"line":26,"column":1}},"3":{"start":{"line":28,"column":29},"end":{"line":33,"column":1}}},"fnMap":{},"branchMap":{},"s":{"0":2,"1":2,"2":2,"3":2},"f":{},"b":{},"_coverageSchema":"1a1c01bbd47fc00a2c39e90264f33305004495a9","hash":"491ca1e5f661da2c3b5a33a75019aa9376dc7358"}
,"G:\\Final\\client\\src\\__tests__\\mocks\\store.mock.ts": {"path":"G:\\Final\\client\\src\\__tests__\\mocks\\store.mock.ts","statementMap":{"0":{"start":{"line":4,"column":29},"end":{"line":301,"column":1}},"1":{"start":{"line":303,"column":25},"end":{"line":317,"column":1}},"2":{"start":{"line":319,"column":20},"end":{"line":319,"column":27}},"3":{"start":{"line":320,"column":24},"end":{"line":320,"column":51}},"4":{"start":{"line":321,"column":22},"end":{"line":321,"column":52}},"5":{"start":{"line":322,"column":0},"end":{"line":322,"column":35}},"6":{"start":{"line":324,"column":25},"end":{"line":324,"column":51}},"7":{"start":{"line":325,"column":0},"end":{"line":325,"column":31}}},"fnMap":{},"branchMap":{},"s":{"0":9,"1":9,"2":9,"3":9,"4":9,"5":9,"6":9,"7":9},"f":{},"b":{},"_coverageSchema":"1a1c01bbd47fc00a2c39e90264f33305004495a9","hash":"e93b03cb721499dc061b93068c8779a50fef41bf"}
,"G:\\Final\\client\\src\\__tests__\\mocks\\user.mock.ts": {"path":"G:\\Final\\client\\src\\__tests__\\mocks\\user.mock.ts","statementMap":{"0":{"start":{"line":3,"column":37},"end":{"line":9,"column":1}},"1":{"start":{"line":11,"column":37},"end":{"line":17,"column":1}},"2":{"start":{"line":19,"column":33},"end":{"line":24,"column":1}},"3":{"start":{"line":26,"column":31},"end":{"line":44,"column":1}},"4":{"start":{"line":46,"column":46},"end":{"line":53,"column":1}},"5":{"start":{"line":55,"column":40},"end":{"line":63,"column":1}}},"fnMap":{},"branchMap":{},"s":{"0":8,"1":8,"2":8,"3":8,"4":8,"5":8},"f":{},"b":{},"_coverageSchema":"1a1c01bbd47fc00a2c39e90264f33305004495a9","hash":"6b6268bb22b2b5e127fc79cf829d970f1b4c4398"}
,"G:\\Final\\client\\src\\__tests__\\mocks\\utils.ts": {"path":"G:\\Final\\client\\src\\__tests__\\mocks\\utils.ts","statementMap":{"0":{"start":{"line":3,"column":22},"end":{"line":3,"column":39}},"1":{"start":{"line":5,"column":14},"end":{"line":11,"column":1}},"2":{"start":{"line":6,"column":2},"end":{"line":10,"column":5}},"3":{"start":{"line":7,"column":4},"end":{"line":9,"column":7}},"4":{"start":{"line":8,"column":6},"end":{"line":8,"column":38}}},"fnMap":{"0":{"name":"(anonymous_0)","decl":{"start":{"line":5,"column":14},"end":{"line":5,"column":15}},"loc":{"start":{"line":5,"column":37},"end":{"line":11,"column":1}},"line":5},"1":{"name":"(anonymous_1)","decl":{"start":{"line":6,"column":12},"end":{"line":6,"column":13}},"loc":{"start":{"line":6,"column":24},"end":{"line":10,"column":3}},"line":6},"2":{"name":"(anonymous_2)","decl":{"start":{"line":7,"column":22},"end":{"line":7,"column":23}},"loc":{"start":{"line":7,"column":35},"end":{"line":9,"column":5}},"line":7}},"branchMap":{"0":{"loc":{"start":{"line":5,"column":21},"end":{"line":5,"column":32}},"type":"default-arg","locations":[{"start":{"line":5,"column":31},"end":{"line":5,"column":32}}],"line":5}},"s":{"0":5,"1":5,"2":12,"3":12,"4":12},"f":{"0":12,"1":12,"2":12},"b":{"0":[12]},"_coverageSchema":"1a1c01bbd47fc00a2c39e90264f33305004495a9","hash":"20012646d64b208e12b3a5871b2ca8707e930e60"}
,"G:\\Final\\client\\src\\components\\app-list\\AppList.tsx": {"path":"G:\\Final\\client\\src\\components\\app-list\\AppList.tsx","statementMap":{"0":{"start":{"line":11,"column":19},"end":{"line":39,"column":1}},"1":{"start":{"line":62,"column":2},"end":{"line":82,"column":4}},"2":{"start":{"line":85,"column":0},"end":{"line":85,"column":25}},"3":{"start":{"line":87,"column":0},"end":{"line":89,"column":2}}},"fnMap":{"0":{"name":"AppList","decl":{"start":{"line":52,"column":9},"end":{"line":52,"column":16}},"loc":{"start":{"line":61,"column":21},"end":{"line":83,"column":1}},"line":61}},"branchMap":{"0":{"loc":{"start":{"line":60,"column":2},"end":{"line":60,"column":24}},"type":"default-arg","locations":[{"start":{"line":60,"column":8},"end":{"line":60,"column":24}}],"line":60},"1":{"loc":{"start":{"line":64,"column":29},"end":{"line":64,"column":78}},"type":"cond-expr","locations":[{"start":{"line":64,"column":56},"end":{"line":64,"column":73}},{"start":{"line":64,"column":76},"end":{"line":64,"column":78}}],"line":64},"2":{"loc":{"start":{"line":65,"column":8},"end":{"line":65,"column":65}},"type":"cond-expr","locations":[{"start":{"line":65,"column":39},"end":{"line":65,"column":60}},{"start":{"line":65,"column":63},"end":{"line":65,"column":65}}],"line":65}},"s":{"0":8,"1":18,"2":8,"3":8},"f":{"0":18},"b":{"0":[0],"1":[8,10],"2":[5,13]},"_coverageSchema":"1a1c01bbd47fc00a2c39e90264f33305004495a9","hash":"6c154e386bcaff310823dae11dcc5348d588b90c"}
,"G:\\Final\\client\\src\\components\\auth\\Auth.tsx": {"path":"G:\\Final\\client\\src\\components\\auth\\Auth.tsx","statementMap":{"0":{"start":{"line":28,"column":14},"end":{"line":28,"column":39}},"1":{"start":{"line":29,"column":30},"end":{"line":29,"column":38}},"2":{"start":{"line":30,"column":23},"end":{"line":30,"column":56}},"3":{"start":{"line":32,"column":2},"end":{"line":55,"column":4}},"4":{"start":{"line":58,"column":0},"end":{"line":64,"column":2}}},"fnMap":{"0":{"name":"Auth","decl":{"start":{"line":19,"column":9},"end":{"line":19,"column":13}},"loc":{"start":{"line":27,"column":15},"end":{"line":56,"column":1}},"line":27}},"branchMap":{"0":{"loc":{"start":{"line":22,"column":2},"end":{"line":26,"column":3}},"type":"default-arg","locations":[{"start":{"line":22,"column":13},"end":{"line":26,"column":3}}],"line":22},"1":{"loc":{"start":{"line":34,"column":7},"end":{"line":53,"column":7}},"type":"cond-expr","locations":[{"start":{"line":35,"column":8},"end":{"line":42,"column":11}},{"start":{"line":44,"column":8},"end":{"line":52,"column":11}}],"line":34}},"s":{"0":3,"1":3,"2":3,"3":3,"4":5},"f":{"0":3},"b":{"0":[0],"1":[2,1]},"_coverageSchema":"1a1c01bbd47fc00a2c39e90264f33305004495a9","hash":"9a52a4c45a3602348e3ed61c1e89a14f30ae4d02"}
,"G:\\Final\\client\\src\\components\\comment\\Comment.tsx": {"path":"G:\\Final\\client\\src\\components\\comment\\Comment.tsx","statementMap":{"0":{"start":{"line":13,"column":40},"end":{"line":13,"column":47}},"1":{"start":{"line":14,"column":39},"end":{"line":14,"column":44}},"2":{"start":{"line":15,"column":15},"end":{"line":15,"column":68}},"3":{"start":{"line":16,"column":23},"end":{"line":16,"column":62}},"4":{"start":{"line":18,"column":2},"end":{"line":31,"column":4}}},"fnMap":{"0":{"name":"Comment","decl":{"start":{"line":12,"column":9},"end":{"line":12,"column":16}},"loc":{"start":{"line":12,"column":43},"end":{"line":32,"column":1}},"line":12}},"branchMap":{},"s":{"0":11,"1":11,"2":11,"3":11,"4":11},"f":{"0":11},"b":{},"_coverageSchema":"1a1c01bbd47fc00a2c39e90264f33305004495a9","hash":"66963dd8c7a7edaec8df6cd1e09f7ae3dbdf2ec0"}
,"G:\\Final\\client\\src\\components\\connected-auth\\ConnectedAuth.tsx": {"path":"G:\\Final\\client\\src\\components\\connected-auth\\ConnectedAuth.tsx","statementMap":{"0":{"start":{"line":8,"column":19},"end":{"line":8,"column":35}},"1":{"start":{"line":9,"column":17},"end":{"line":9,"column":56}},"2":{"start":{"line":10,"column":19},"end":{"line":10,"column":60}},"3":{"start":{"line":12,"column":23},"end":{"line":14,"column":3}},"4":{"start":{"line":13,"column":4},"end":{"line":13,"column":35}},"5":{"start":{"line":16,"column":2},"end":{"line":20,"column":4}}},"fnMap":{"0":{"name":"ConnectedAuth","decl":{"start":{"line":7,"column":9},"end":{"line":7,"column":22}},"loc":{"start":{"line":7,"column":25},"end":{"line":21,"column":1}},"line":7},"1":{"name":"(anonymous_1)","decl":{"start":{"line":12,"column":23},"end":{"line":12,"column":24}},"loc":{"start":{"line":12,"column":29},"end":{"line":14,"column":3}},"line":12}},"branchMap":{},"s":{"0":1,"1":1,"2":1,"3":1,"4":1,"5":1},"f":{"0":1,"1":1},"b":{},"_coverageSchema":"1a1c01bbd47fc00a2c39e90264f33305004495a9","hash":"582a8affea9cf2b5215ba88edbad489ba2fab807"}
,"G:\\Final\\client\\src\\components\\content-layout\\ContentLayout.tsx": {"path":"G:\\Final\\client\\src\\components\\content-layout\\ContentLayout.tsx","statementMap":{"0":{"start":{"line":20,"column":2},"end":{"line":26,"column":4}},"1":{"start":{"line":29,"column":0},"end":{"line":34,"column":2}}},"fnMap":{"0":{"name":"ContentLayout","decl":{"start":{"line":19,"column":9},"end":{"line":19,"column":22}},"loc":{"start":{"line":19,"column":96},"end":{"line":27,"column":1}},"line":19}},"branchMap":{"0":{"loc":{"start":{"line":22,"column":46},"end":{"line":22,"column":92}},"type":"cond-expr","locations":[{"start":{"line":22,"column":58},"end":{"line":22,"column":87}},{"start":{"line":22,"column":90},"end":{"line":22,"column":92}}],"line":22},"1":{"loc":{"start":{"line":24,"column":7},"end":{"line":24,"column":100}},"type":"binary-expr","locations":[{"start":{"line":24,"column":7},"end":{"line":24,"column":14}},{"start":{"line":24,"column":18},"end":{"line":24,"column":100}}],"line":24}},"s":{"0":27,"1":10},"f":{"0":27},"b":{"0":[13,14],"1":[27,1]},"_coverageSchema":"1a1c01bbd47fc00a2c39e90264f33305004495a9","hash":"52e56cdcaf97e2b8b147ea095b15474d755fa19f"}
,"G:\\Final\\client\\src\\components\\custom-link\\CustomLink.tsx": {"path":"G:\\Final\\client\\src\\components\\custom-link\\CustomLink.tsx","statementMap":{"0":{"start":{"line":11,"column":2},"end":{"line":16,"column":4}},"1":{"start":{"line":19,"column":0},"end":{"line":22,"column":2}}},"fnMap":{"0":{"name":"CustomLink","decl":{"start":{"line":10,"column":9},"end":{"line":10,"column":19}},"loc":{"start":{"line":10,"column":80},"end":{"line":17,"column":1}},"line":10}},"branchMap":{"0":{"loc":{"start":{"line":10,"column":21},"end":{"line":10,"column":34}},"type":"default-arg","locations":[{"start":{"line":10,"column":32},"end":{"line":10,"column":34}}],"line":10},"1":{"loc":{"start":{"line":10,"column":36},"end":{"line":10,"column":50}},"type":"default-arg","locations":[{"start":{"line":10,"column":48},"end":{"line":10,"column":50}}],"line":10}},"s":{"0":194,"1":20},"f":{"0":194},"b":{"0":[0],"1":[0]},"_coverageSchema":"1a1c01bbd47fc00a2c39e90264f33305004495a9","hash":"6837e6a942d0d888147452f025dcbf76e9fd30f3"}
,"G:\\Final\\client\\src\\components\\edit-form\\EditForm.tsx": {"path":"G:\\Final\\client\\src\\components\\edit-form\\EditForm.tsx","statementMap":{"0":{"start":{"line":27,"column":17},"end":{"line":32,"column":1}},"1":{"start":{"line":28,"column":2},"end":{"line":30,"column":3}},"2":{"start":{"line":29,"column":4},"end":{"line":29,"column":13}},"3":{"start":{"line":31,"column":2},"end":{"line":31,"column":25}},"4":{"start":{"line":33,"column":20},"end":{"line":33,"column":51}},"5":{"start":{"line":34,"column":15},"end":{"line":34,"column":19}},"6":{"start":{"line":37,"column":14},"end":{"line":37,"column":43}},"7":{"start":{"line":38,"column":30},"end":{"line":41,"column":4}},"8":{"start":{"line":42,"column":29},"end":{"line":53,"column":3}},"9":{"start":{"line":43,"column":4},"end":{"line":52,"column":7}},"10":{"start":{"line":44,"column":6},"end":{"line":51,"column":7}},"11":{"start":{"line":45,"column":8},"end":{"line":50,"column":10}},"12":{"start":{"line":55,"column":17},"end":{"line":55,"column":31}},"13":{"start":{"line":56,"column":24},"end":{"line":65,"column":3}},"14":{"start":{"line":57,"column":11},"end":{"line":63,"column":5}},"15":{"start":{"line":67,"column":2},"end":{"line":70,"column":28}},"16":{"start":{"line":68,"column":4},"end":{"line":68,"column":39}},"17":{"start":{"line":69,"column":4},"end":{"line":69,"column":86}},"18":{"start":{"line":69,"column":24},"end":{"line":69,"column":84}},"19":{"start":{"line":72,"column":27},"end":{"line":85,"column":3}},"20":{"start":{"line":73,"column":21},"end":{"line":73,"column":62}},"21":{"start":{"line":74,"column":36},"end":{"line":82,"column":5}},"22":{"start":{"line":84,"column":4},"end":{"line":84,"column":25}},"23":{"start":{"line":87,"column":2},"end":{"line":153,"column":4}},"24":{"start":{"line":156,"column":0},"end":{"line":159,"column":2}}},"fnMap":{"0":{"name":"(anonymous_0)","decl":{"start":{"line":27,"column":17},"end":{"line":27,"column":18}},"loc":{"start":{"line":27,"column":29},"end":{"line":32,"column":1}},"line":27},"1":{"name":"EditForm","decl":{"start":{"line":36,"column":9},"end":{"line":36,"column":17}},"loc":{"start":{"line":36,"column":72},"end":{"line":154,"column":1}},"line":36},"2":{"name":"(anonymous_2)","decl":{"start":{"line":36,"column":36},"end":{"line":36,"column":37}},"loc":{"start":{"line":36,"column":42},"end":{"line":36,"column":44}},"line":36},"3":{"name":"(anonymous_3)","decl":{"start":{"line":42,"column":29},"end":{"line":42,"column":30}},"loc":{"start":{"line":42,"column":44},"end":{"line":53,"column":3}},"line":42},"4":{"name":"(anonymous_4)","decl":{"start":{"line":43,"column":54},"end":{"line":43,"column":55}},"loc":{"start":{"line":43,"column":63},"end":{"line":52,"column":5}},"line":43},"5":{"name":"(anonymous_5)","decl":{"start":{"line":57,"column":4},"end":{"line":57,"column":5}},"loc":{"start":{"line":57,"column":11},"end":{"line":63,"column":5}},"line":57},"6":{"name":"(anonymous_6)","decl":{"start":{"line":67,"column":12},"end":{"line":67,"column":13}},"loc":{"start":{"line":67,"column":18},"end":{"line":70,"column":3}},"line":67},"7":{"name":"(anonymous_7)","decl":{"start":{"line":69,"column":14},"end":{"line":69,"column":15}},"loc":{"start":{"line":69,"column":24},"end":{"line":69,"column":84}},"line":69},"8":{"name":"(anonymous_8)","decl":{"start":{"line":72,"column":27},"end":{"line":72,"column":28}},"loc":{"start":{"line":72,"column":55},"end":{"line":85,"column":3}},"line":72},"9":{"name":"(anonymous_9)","decl":{"start":{"line":158,"column":12},"end":{"line":158,"column":13}},"loc":{"start":{"line":158,"column":18},"end":{"line":158,"column":20}},"line":158}},"branchMap":{"0":{"loc":{"start":{"line":28,"column":2},"end":{"line":30,"column":3}},"type":"if","locations":[{"start":{"line":28,"column":2},"end":{"line":30,"column":3}},{"start":{},"end":{}}],"line":28},"1":{"loc":{"start":{"line":31,"column":9},"end":{"line":31,"column":24}},"type":"binary-expr","locations":[{"start":{"line":31,"column":9},"end":{"line":31,"column":10}},{"start":{"line":31,"column":14},"end":{"line":31,"column":24}}],"line":31},"2":{"loc":{"start":{"line":36,"column":25},"end":{"line":36,"column":44}},"type":"default-arg","locations":[{"start":{"line":36,"column":36},"end":{"line":36,"column":44}}],"line":36},"3":{"loc":{"start":{"line":40,"column":9},"end":{"line":40,"column":29}},"type":"binary-expr","locations":[{"start":{"line":40,"column":9},"end":{"line":40,"column":21}},{"start":{"line":40,"column":25},"end":{"line":40,"column":29}}],"line":40},"4":{"loc":{"start":{"line":44,"column":6},"end":{"line":51,"column":7}},"type":"if","locations":[{"start":{"line":44,"column":6},"end":{"line":51,"column":7}},{"start":{},"end":{}}],"line":44},"5":{"loc":{"start":{"line":44,"column":10},"end":{"line":44,"column":58}},"type":"binary-expr","locations":[{"start":{"line":44,"column":10},"end":{"line":44,"column":33}},{"start":{"line":44,"column":37},"end":{"line":44,"column":58}}],"line":44},"6":{"loc":{"start":{"line":59,"column":15},"end":{"line":59,"column":33}},"type":"binary-expr","locations":[{"start":{"line":59,"column":15},"end":{"line":59,"column":27}},{"start":{"line":59,"column":31},"end":{"line":59,"column":33}}],"line":59},"7":{"loc":{"start":{"line":78,"column":15},"end":{"line":78,"column":47}},"type":"binary-expr","locations":[{"start":{"line":78,"column":15},"end":{"line":78,"column":25}},{"start":{"line":78,"column":29},"end":{"line":78,"column":41}},{"start":{"line":78,"column":45},"end":{"line":78,"column":47}}],"line":78},"8":{"loc":{"start":{"line":109,"column":11},"end":{"line":109,"column":115}},"type":"cond-expr","locations":[{"start":{"line":109,"column":24},"end":{"line":109,"column":71}},{"start":{"line":109,"column":74},"end":{"line":109,"column":115}}],"line":109}},"s":{"0":5,"1":0,"2":0,"3":0,"4":5,"5":5,"6":9,"7":9,"8":9,"9":0,"10":0,"11":0,"12":9,"13":9,"14":6,"15":9,"16":3,"17":3,"18":3,"19":9,"20":1,"21":1,"22":1,"23":9,"24":5},"f":{"0":0,"1":9,"2":0,"3":0,"4":0,"5":6,"6":3,"7":3,"8":1,"9":0},"b":{"0":[0,0],"1":[0,0],"2":[0],"3":[9,5],"4":[0,0],"5":[0,0],"6":[6,3],"7":[1,0,0],"8":[4,5]},"_coverageSchema":"1a1c01bbd47fc00a2c39e90264f33305004495a9","hash":"5022ee3414b4a3feb07976e0558e56931c6e3615"}
,"G:\\Final\\client\\src\\components\\footer\\Footer.tsx": {"path":"G:\\Final\\client\\src\\components\\footer\\Footer.tsx","statementMap":{"0":{"start":{"line":7,"column":2},"end":{"line":17,"column":4}}},"fnMap":{"0":{"name":"Footer","decl":{"start":{"line":6,"column":9},"end":{"line":6,"column":15}},"loc":{"start":{"line":6,"column":18},"end":{"line":18,"column":1}},"line":6}},"branchMap":{},"s":{"0":1},"f":{"0":1},"b":{},"_coverageSchema":"1a1c01bbd47fc00a2c39e90264f33305004495a9","hash":"9b64cc1880fffd91c608aea51a00368ab377f107"}
,"G:\\Final\\client\\src\\components\\header\\Header.tsx": {"path":"G:\\Final\\client\\src\\components\\header\\Header.tsx","statementMap":{"0":{"start":{"line":8,"column":2},"end":{"line":22,"column":4}}},"fnMap":{"0":{"name":"Header","decl":{"start":{"line":7,"column":9},"end":{"line":7,"column":15}},"loc":{"start":{"line":7,"column":18},"end":{"line":23,"column":1}},"line":7}},"branchMap":{},"s":{"0":1},"f":{"0":1},"b":{},"_coverageSchema":"1a1c01bbd47fc00a2c39e90264f33305004495a9","hash":"1a6de66bc31bba61eea0da9612523645dec3a1df"}
,"G:\\Final\\client\\src\\components\\lang-selector\\LangSelector.tsx": {"path":"G:\\Final\\client\\src\\components\\lang-selector\\LangSelector.tsx","statementMap":{"0":{"start":{"line":6,"column":17},"end":{"line":6,"column":36}},"1":{"start":{"line":8,"column":27},"end":{"line":10,"column":3}},"2":{"start":{"line":9,"column":4},"end":{"line":9,"column":30}},"3":{"start":{"line":12,"column":2},"end":{"line":17,"column":4}}},"fnMap":{"0":{"name":"LangSelector","decl":{"start":{"line":5,"column":9},"end":{"line":5,"column":21}},"loc":{"start":{"line":5,"column":24},"end":{"line":18,"column":1}},"line":5},"1":{"name":"(anonymous_1)","decl":{"start":{"line":8,"column":27},"end":{"line":8,"column":28}},"loc":{"start":{"line":8,"column":45},"end":{"line":10,"column":3}},"line":8}},"branchMap":{},"s":{"0":2,"1":2,"2":1,"3":2},"f":{"0":2,"1":1},"b":{},"_coverageSchema":"1a1c01bbd47fc00a2c39e90264f33305004495a9","hash":"6d6794ac6c7236ba0694f0acbc9a17faa82f4500"}
,"G:\\Final\\client\\src\\components\\linked-avatar\\LinkedAvatar.tsx": {"path":"G:\\Final\\client\\src\\components\\linked-avatar\\LinkedAvatar.tsx","statementMap":{"0":{"start":{"line":7,"column":2},"end":{"line":11,"column":4}}},"fnMap":{"0":{"name":"LinkedAvatar","decl":{"start":{"line":6,"column":9},"end":{"line":6,"column":21}},"loc":{"start":{"line":6,"column":98},"end":{"line":12,"column":1}},"line":6}},"branchMap":{},"s":{"0":55},"f":{"0":55},"b":{},"_coverageSchema":"1a1c01bbd47fc00a2c39e90264f33305004495a9","hash":"36e33a7644d73f145cc5fc943112943432f00b4e"}
,"G:\\Final\\client\\src\\components\\loading\\Loading.tsx": {"path":"G:\\Final\\client\\src\\components\\loading\\Loading.tsx","statementMap":{"0":{"start":{"line":10,"column":2},"end":{"line":18,"column":4}}},"fnMap":{"0":{"name":"Loading","decl":{"start":{"line":9,"column":9},"end":{"line":9,"column":16}},"loc":{"start":{"line":9,"column":45},"end":{"line":19,"column":1}},"line":9}},"branchMap":{"0":{"loc":{"start":{"line":12,"column":7},"end":{"line":16,"column":7}},"type":"binary-expr","locations":[{"start":{"line":12,"column":7},"end":{"line":12,"column":16}},{"start":{"line":13,"column":8},"end":{"line":15,"column":14}}],"line":12}},"s":{"0":53},"f":{"0":53},"b":{"0":[53,3]},"_coverageSchema":"1a1c01bbd47fc00a2c39e90264f33305004495a9","hash":"692f906e38692a6faaca3635ff1582d1b5e65bcd"}
,"G:\\Final\\client\\src\\components\\login-form\\LoginForm.tsx": {"path":"G:\\Final\\client\\src\\components\\login-form\\LoginForm.tsx","statementMap":{"0":{"start":{"line":15,"column":15},"end":{"line":15,"column":19}},"1":{"start":{"line":18,"column":14},"end":{"line":18,"column":44}},"2":{"start":{"line":19,"column":17},"end":{"line":19,"column":31}},"3":{"start":{"line":21,"column":27},"end":{"line":23,"column":3}},"4":{"start":{"line":22,"column":4},"end":{"line":22,"column":29}},"5":{"start":{"line":25,"column":2},"end":{"line":48,"column":4}},"6":{"start":{"line":51,"column":0},"end":{"line":54,"column":2}}},"fnMap":{"0":{"name":"LoginForm","decl":{"start":{"line":17,"column":9},"end":{"line":17,"column":18}},"loc":{"start":{"line":17,"column":68},"end":{"line":49,"column":1}},"line":17},"1":{"name":"(anonymous_1)","decl":{"start":{"line":17,"column":31},"end":{"line":17,"column":32}},"loc":{"start":{"line":17,"column":37},"end":{"line":17,"column":39}},"line":17},"2":{"name":"(anonymous_2)","decl":{"start":{"line":21,"column":27},"end":{"line":21,"column":28}},"loc":{"start":{"line":21,"column":58},"end":{"line":23,"column":3}},"line":21},"3":{"name":"(anonymous_3)","decl":{"start":{"line":53,"column":12},"end":{"line":53,"column":13}},"loc":{"start":{"line":53,"column":18},"end":{"line":53,"column":20}},"line":53}},"branchMap":{"0":{"loc":{"start":{"line":17,"column":20},"end":{"line":17,"column":39}},"type":"default-arg","locations":[{"start":{"line":17,"column":31},"end":{"line":17,"column":39}}],"line":17}},"s":{"0":5,"1":7,"2":7,"3":7,"4":1,"5":7,"6":5},"f":{"0":7,"1":0,"2":1,"3":0},"b":{"0":[0]},"_coverageSchema":"1a1c01bbd47fc00a2c39e90264f33305004495a9","hash":"dc587dfd102c83ff13c207b00d55f2185da30ba0"}
,"G:\\Final\\client\\src\\components\\logo\\Logo.tsx": {"path":"G:\\Final\\client\\src\\components\\logo\\Logo.tsx","statementMap":{"0":{"start":{"line":8,"column":2},"end":{"line":15,"column":4}}},"fnMap":{"0":{"name":"Logo","decl":{"start":{"line":7,"column":9},"end":{"line":7,"column":13}},"loc":{"start":{"line":7,"column":16},"end":{"line":16,"column":1}},"line":7}},"branchMap":{},"s":{"0":1},"f":{"0":1},"b":{},"_coverageSchema":"1a1c01bbd47fc00a2c39e90264f33305004495a9","hash":"ddc387eadd5b5dbfae0a4568a9ee1a63928b3c69"}
,"G:\\Final\\client\\src\\components\\main-layout\\MainLayout.tsx": {"path":"G:\\Final\\client\\src\\components\\main-layout\\MainLayout.tsx","statementMap":{"0":{"start":{"line":8,"column":2},"end":{"line":20,"column":4}}},"fnMap":{"0":{"name":"MainLayout","decl":{"start":{"line":7,"column":9},"end":{"line":7,"column":19}},"loc":{"start":{"line":7,"column":22},"end":{"line":21,"column":1}},"line":7}},"branchMap":{},"s":{"0":1},"f":{"0":1},"b":{},"_coverageSchema":"1a1c01bbd47fc00a2c39e90264f33305004495a9","hash":"bc1aa42a8dc0a91911d5a5a29d300559733064a2"}
,"G:\\Final\\client\\src\\components\\menu\\Menu.tsx": {"path":"G:\\Final\\client\\src\\components\\menu\\Menu.tsx","statementMap":{"0":{"start":{"line":9,"column":18},"end":{"line":11,"column":1}},"1":{"start":{"line":14,"column":14},"end":{"line":14,"column":39}},"2":{"start":{"line":16,"column":2},"end":{"line":29,"column":4}}},"fnMap":{"0":{"name":"Menu","decl":{"start":{"line":13,"column":9},"end":{"line":13,"column":13}},"loc":{"start":{"line":13,"column":16},"end":{"line":30,"column":1}},"line":13}},"branchMap":{},"s":{"0":4,"1":1,"2":1},"f":{"0":1},"b":{},"_coverageSchema":"1a1c01bbd47fc00a2c39e90264f33305004495a9","hash":"aa6a771aa8fb3efe4e62347a3c9038779e0dac5f"}
,"G:\\Final\\client\\src\\components\\modal\\Modal.tsx": {"path":"G:\\Final\\client\\src\\components\\modal\\Modal.tsx","statementMap":{"0":{"start":{"line":15,"column":22},"end":{"line":17,"column":3}},"1":{"start":{"line":16,"column":4},"end":{"line":16,"column":14}},"2":{"start":{"line":19,"column":2},"end":{"line":29,"column":4}},"3":{"start":{"line":32,"column":0},"end":{"line":37,"column":2}}},"fnMap":{"0":{"name":"Modal","decl":{"start":{"line":14,"column":9},"end":{"line":14,"column":14}},"loc":{"start":{"line":14,"column":85},"end":{"line":30,"column":1}},"line":14},"1":{"name":"(anonymous_1)","decl":{"start":{"line":14,"column":44},"end":{"line":14,"column":45}},"loc":{"start":{"line":14,"column":50},"end":{"line":14,"column":52}},"line":14},"2":{"name":"(anonymous_2)","decl":{"start":{"line":15,"column":22},"end":{"line":15,"column":23}},"loc":{"start":{"line":15,"column":28},"end":{"line":17,"column":3}},"line":15},"3":{"name":"(anonymous_3)","decl":{"start":{"line":34,"column":11},"end":{"line":34,"column":12}},"loc":{"start":{"line":34,"column":17},"end":{"line":34,"column":19}},"line":34}},"branchMap":{"0":{"loc":{"start":{"line":14,"column":34},"end":{"line":14,"column":52}},"type":"default-arg","locations":[{"start":{"line":14,"column":44},"end":{"line":14,"column":52}}],"line":14},"1":{"loc":{"start":{"line":20,"column":29},"end":{"line":20,"column":56}},"type":"cond-expr","locations":[{"start":{"line":20,"column":38},"end":{"line":20,"column":40}},{"start":{"line":20,"column":43},"end":{"line":20,"column":56}}],"line":20},"2":{"loc":{"start":{"line":27,"column":7},"end":{"line":27,"column":100}},"type":"binary-expr","locations":[{"start":{"line":27,"column":7},"end":{"line":27,"column":14}},{"start":{"line":27,"column":18},"end":{"line":27,"column":100}}],"line":27}},"s":{"0":12,"1":1,"2":12,"3":6},"f":{"0":12,"1":0,"2":1,"3":0},"b":{"0":[0],"1":[9,3],"2":[12,1]},"_coverageSchema":"1a1c01bbd47fc00a2c39e90264f33305004495a9","hash":"1fdbc3e959566bd8a19f2329aebad6323e495507"}
,"G:\\Final\\client\\src\\components\\post-card\\PostCard.tsx": {"path":"G:\\Final\\client\\src\\components\\post-card\\PostCard.tsx","statementMap":{"0":{"start":{"line":19,"column":48},"end":{"line":19,"column":52}},"1":{"start":{"line":20,"column":39},"end":{"line":20,"column":44}},"2":{"start":{"line":21,"column":15},"end":{"line":21,"column":68}},"3":{"start":{"line":22,"column":23},"end":{"line":22,"column":62}},"4":{"start":{"line":23,"column":27},"end":{"line":23,"column":79}},"5":{"start":{"line":24,"column":25},"end":{"line":24,"column":60}},"6":{"start":{"line":26,"column":2},"end":{"line":50,"column":4}},"7":{"start":{"line":35,"column":37},"end":{"line":35,"column":102}},"8":{"start":{"line":53,"column":0},"end":{"line":58,"column":2}}},"fnMap":{"0":{"name":"PostCard","decl":{"start":{"line":18,"column":9},"end":{"line":18,"column":17}},"loc":{"start":{"line":18,"column":96},"end":{"line":51,"column":1}},"line":18},"1":{"name":"(anonymous_1)","decl":{"start":{"line":35,"column":31},"end":{"line":35,"column":32}},"loc":{"start":{"line":35,"column":37},"end":{"line":35,"column":102}},"line":35},"2":{"name":"(anonymous_2)","decl":{"start":{"line":56,"column":18},"end":{"line":56,"column":19}},"loc":{"start":{"line":56,"column":24},"end":{"line":56,"column":26}},"line":56}},"branchMap":{"0":{"loc":{"start":{"line":18,"column":19},"end":{"line":18,"column":34}},"type":"default-arg","locations":[{"start":{"line":18,"column":29},"end":{"line":18,"column":34}}],"line":18},"1":{"loc":{"start":{"line":18,"column":65},"end":{"line":18,"column":82}},"type":"default-arg","locations":[{"start":{"line":18,"column":77},"end":{"line":18,"column":82}}],"line":18},"2":{"loc":{"start":{"line":27,"column":37},"end":{"line":27,"column":73}},"type":"cond-expr","locations":[{"start":{"line":27,"column":47},"end":{"line":27,"column":68}},{"start":{"line":27,"column":71},"end":{"line":27,"column":73}}],"line":27},"3":{"loc":{"start":{"line":27,"column":77},"end":{"line":27,"column":108}},"type":"cond-expr","locations":[{"start":{"line":27,"column":85},"end":{"line":27,"column":103}},{"start":{"line":27,"column":106},"end":{"line":27,"column":108}}],"line":27},"4":{"loc":{"start":{"line":29,"column":40},"end":{"line":29,"column":77}},"type":"cond-expr","locations":[{"start":{"line":29,"column":50},"end":{"line":29,"column":72}},{"start":{"line":29,"column":75},"end":{"line":29,"column":77}}],"line":29},"5":{"loc":{"start":{"line":35,"column":37},"end":{"line":35,"column":102}},"type":"binary-expr","locations":[{"start":{"line":35,"column":37},"end":{"line":35,"column":85}},{"start":{"line":35,"column":89},"end":{"line":35,"column":102}}],"line":35},"6":{"loc":{"start":{"line":44,"column":50},"end":{"line":44,"column":103}},"type":"cond-expr","locations":[{"start":{"line":44,"column":60},"end":{"line":44,"column":81}},{"start":{"line":44,"column":84},"end":{"line":44,"column":103}}],"line":44},"7":{"loc":{"start":{"line":48,"column":44},"end":{"line":48,"column":87}},"type":"binary-expr","locations":[{"start":{"line":48,"column":44},"end":{"line":48,"column":49}},{"start":{"line":48,"column":53},"end":{"line":48,"column":67}},{"start":{"line":48,"column":71},"end":{"line":48,"column":87}}],"line":48}},"s":{"0":50,"1":50,"2":50,"3":50,"4":50,"5":50,"6":50,"7":0,"8":7},"f":{"0":50,"1":0,"2":1},"b":{"0":[0],"1":[0],"2":[17,33],"3":[7,43],"4":[17,33],"5":[0,0],"6":[17,33],"7":[50,7,7]},"_coverageSchema":"1a1c01bbd47fc00a2c39e90264f33305004495a9","hash":"ff3772c6e9d8532c19fc21b84221f192eb41a441"}
,"G:\\Final\\client\\src\\components\\reg-form\\RegForm.tsx": {"path":"G:\\Final\\client\\src\\components\\reg-form\\RegForm.tsx","statementMap":{"0":{"start":{"line":21,"column":15},"end":{"line":21,"column":19}},"1":{"start":{"line":24,"column":14},"end":{"line":24,"column":42}},"2":{"start":{"line":25,"column":17},"end":{"line":25,"column":31}},"3":{"start":{"line":27,"column":27},"end":{"line":36,"column":3}},"4":{"start":{"line":28,"column":43},"end":{"line":28,"column":54}},"5":{"start":{"line":29,"column":21},"end":{"line":29,"column":50}},"6":{"start":{"line":30,"column":39},"end":{"line":34,"column":5}},"7":{"start":{"line":35,"column":4},"end":{"line":35,"column":22}},"8":{"start":{"line":38,"column":2},"end":{"line":106,"column":4}},"9":{"start":{"line":109,"column":0},"end":{"line":112,"column":2}}},"fnMap":{"0":{"name":"RegForm","decl":{"start":{"line":23,"column":9},"end":{"line":23,"column":16}},"loc":{"start":{"line":23,"column":64},"end":{"line":107,"column":1}},"line":23},"1":{"name":"(anonymous_1)","decl":{"start":{"line":23,"column":38},"end":{"line":23,"column":39}},"loc":{"start":{"line":23,"column":44},"end":{"line":23,"column":46}},"line":23},"2":{"name":"(anonymous_2)","decl":{"start":{"line":27,"column":27},"end":{"line":27,"column":28}},"loc":{"start":{"line":27,"column":63},"end":{"line":36,"column":3}},"line":27},"3":{"name":"(anonymous_3)","decl":{"start":{"line":111,"column":12},"end":{"line":111,"column":13}},"loc":{"start":{"line":111,"column":18},"end":{"line":111,"column":20}},"line":111}},"branchMap":{"0":{"loc":{"start":{"line":23,"column":27},"end":{"line":23,"column":46}},"type":"default-arg","locations":[{"start":{"line":23,"column":38},"end":{"line":23,"column":46}}],"line":23}},"s":{"0":5,"1":6,"2":6,"3":6,"4":1,"5":1,"6":1,"7":1,"8":6,"9":5},"f":{"0":6,"1":0,"2":1,"3":0},"b":{"0":[0]},"_coverageSchema":"1a1c01bbd47fc00a2c39e90264f33305004495a9","hash":"819b3eb263a950d7c72a576dd13e6ecf1d9ed803"}
,"G:\\Final\\client\\src\\components\\routes\\Routes.tsx": {"path":"G:\\Final\\client\\src\\components\\routes\\Routes.tsx","statementMap":{"0":{"start":{"line":24,"column":14},"end":{"line":24,"column":45}},"1":{"start":{"line":25,"column":17},"end":{"line":25,"column":52}},"2":{"start":{"line":27,"column":2},"end":{"line":94,"column":4}},"3":{"start":{"line":32,"column":59},"end":{"line":32,"column":68}},"4":{"start":{"line":33,"column":66},"end":{"line":33,"column":82}},"5":{"start":{"line":41,"column":51},"end":{"line":41,"column":70}},"6":{"start":{"line":51,"column":10},"end":{"line":58,"column":11}},"7":{"start":{"line":69,"column":10},"end":{"line":72,"column":13}},"8":{"start":{"line":75,"column":59},"end":{"line":75,"column":68}},"9":{"start":{"line":76,"column":56},"end":{"line":76,"column":65}},"10":{"start":{"line":85,"column":10},"end":{"line":88,"column":13}},"11":{"start":{"line":91,"column":57},"end":{"line":91,"column":112}},"12":{"start":{"line":92,"column":27},"end":{"line":92,"column":80}}},"fnMap":{"0":{"name":"Routes","decl":{"start":{"line":23,"column":9},"end":{"line":23,"column":15}},"loc":{"start":{"line":23,"column":18},"end":{"line":95,"column":1}},"line":23},"1":{"name":"(anonymous_1)","decl":{"start":{"line":32,"column":53},"end":{"line":32,"column":54}},"loc":{"start":{"line":32,"column":59},"end":{"line":32,"column":68}},"line":32},"2":{"name":"(anonymous_2)","decl":{"start":{"line":33,"column":60},"end":{"line":33,"column":61}},"loc":{"start":{"line":33,"column":66},"end":{"line":33,"column":82}},"line":33},"3":{"name":"(anonymous_3)","decl":{"start":{"line":37,"column":16},"end":{"line":37,"column":17}},"loc":{"start":{"line":41,"column":51},"end":{"line":41,"column":70}},"line":41},"4":{"name":"(anonymous_4)","decl":{"start":{"line":46,"column":16},"end":{"line":46,"column":17}},"loc":{"start":{"line":51,"column":10},"end":{"line":58,"column":11}},"line":51},"5":{"name":"(anonymous_5)","decl":{"start":{"line":64,"column":16},"end":{"line":64,"column":17}},"loc":{"start":{"line":69,"column":10},"end":{"line":72,"column":13}},"line":69},"6":{"name":"(anonymous_6)","decl":{"start":{"line":75,"column":53},"end":{"line":75,"column":54}},"loc":{"start":{"line":75,"column":59},"end":{"line":75,"column":68}},"line":75},"7":{"name":"(anonymous_7)","decl":{"start":{"line":76,"column":50},"end":{"line":76,"column":51}},"loc":{"start":{"line":76,"column":56},"end":{"line":76,"column":65}},"line":76},"8":{"name":"(anonymous_8)","decl":{"start":{"line":80,"column":16},"end":{"line":80,"column":17}},"loc":{"start":{"line":85,"column":10},"end":{"line":88,"column":13}},"line":85},"9":{"name":"(anonymous_9)","decl":{"start":{"line":91,"column":51},"end":{"line":91,"column":52}},"loc":{"start":{"line":91,"column":57},"end":{"line":91,"column":112}},"line":91},"10":{"name":"(anonymous_10)","decl":{"start":{"line":92,"column":21},"end":{"line":92,"column":22}},"loc":{"start":{"line":92,"column":27},"end":{"line":92,"column":80}},"line":92}},"branchMap":{"0":{"loc":{"start":{"line":51,"column":10},"end":{"line":58,"column":11}},"type":"cond-expr","locations":[{"start":{"line":52,"column":12},"end":{"line":55,"column":15}},{"start":{"line":57,"column":12},"end":{"line":57,"column":46}}],"line":51}},"s":{"0":13,"1":13,"2":13,"3":2,"4":1,"5":1,"6":2,"7":1,"8":1,"9":1,"10":1,"11":2,"12":1},"f":{"0":13,"1":2,"2":1,"3":1,"4":2,"5":1,"6":1,"7":1,"8":1,"9":2,"10":1},"b":{"0":[1,1]},"_coverageSchema":"1a1c01bbd47fc00a2c39e90264f33305004495a9","hash":"5383adf8f9eaa382e0bfb2870e9819b16bae3902"}
,"G:\\Final\\client\\src\\components\\scroll-to-top\\ScrollToTop.tsx": {"path":"G:\\Final\\client\\src\\components\\scroll-to-top\\ScrollToTop.tsx","statementMap":{"0":{"start":{"line":5,"column":21},"end":{"line":5,"column":34}},"1":{"start":{"line":6,"column":2},"end":{"line":8,"column":17}},"2":{"start":{"line":7,"column":4},"end":{"line":7,"column":26}},"3":{"start":{"line":9,"column":2},"end":{"line":9,"column":14}}},"fnMap":{"0":{"name":"ScrollToTop","decl":{"start":{"line":4,"column":9},"end":{"line":4,"column":20}},"loc":{"start":{"line":4,"column":23},"end":{"line":10,"column":1}},"line":4},"1":{"name":"(anonymous_1)","decl":{"start":{"line":6,"column":12},"end":{"line":6,"column":13}},"loc":{"start":{"line":6,"column":18},"end":{"line":8,"column":3}},"line":6}},"branchMap":{},"s":{"0":3,"1":3,"2":2,"3":3},"f":{"0":3,"1":2},"b":{},"_coverageSchema":"1a1c01bbd47fc00a2c39e90264f33305004495a9","hash":"5895c3f83e7326c04bef7fe28e71012b2c549e6e"}
,"G:\\Final\\client\\src\\components\\submit-button\\SubmitButton.tsx": {"path":"G:\\Final\\client\\src\\components\\submit-button\\SubmitButton.tsx","statementMap":{"0":{"start":{"line":11,"column":2},"end":{"line":15,"column":4}},"1":{"start":{"line":18,"column":0},"end":{"line":21,"column":2}}},"fnMap":{"0":{"name":"SubmitButton","decl":{"start":{"line":10,"column":9},"end":{"line":10,"column":21}},"loc":{"start":{"line":10,"column":63},"end":{"line":16,"column":1}},"line":10}},"branchMap":{},"s":{"0":16,"1":10},"f":{"0":16},"b":{},"_coverageSchema":"1a1c01bbd47fc00a2c39e90264f33305004495a9","hash":"37dd434ee0fe0228e3518f56f21288c90b847946"}
,"G:\\Final\\client\\src\\components\\theme-switcher\\ThemeSwitcher.tsx": {"path":"G:\\Final\\client\\src\\components\\theme-switcher\\ThemeSwitcher.tsx","statementMap":{"0":{"start":{"line":8,"column":23},"end":{"line":8,"column":47}},"1":{"start":{"line":9,"column":16},"end":{"line":9,"column":29}},"2":{"start":{"line":10,"column":14},"end":{"line":10,"column":40}},"3":{"start":{"line":12,"column":28},"end":{"line":20,"column":3}},"4":{"start":{"line":13,"column":23},"end":{"line":13,"column":35}},"5":{"start":{"line":15,"column":4},"end":{"line":19,"column":5}},"6":{"start":{"line":16,"column":6},"end":{"line":16,"column":27}},"7":{"start":{"line":18,"column":6},"end":{"line":18,"column":28}},"8":{"start":{"line":22,"column":2},"end":{"line":30,"column":4}}},"fnMap":{"0":{"name":"ThemeSwitcher","decl":{"start":{"line":7,"column":9},"end":{"line":7,"column":22}},"loc":{"start":{"line":7,"column":25},"end":{"line":31,"column":1}},"line":7},"1":{"name":"(anonymous_1)","decl":{"start":{"line":12,"column":28},"end":{"line":12,"column":29}},"loc":{"start":{"line":12,"column":50},"end":{"line":20,"column":3}},"line":12}},"branchMap":{"0":{"loc":{"start":{"line":15,"column":4},"end":{"line":19,"column":5}},"type":"if","locations":[{"start":{"line":15,"column":4},"end":{"line":19,"column":5}},{"start":{"line":17,"column":11},"end":{"line":19,"column":5}}],"line":15}},"s":{"0":4,"1":4,"2":4,"3":4,"4":2,"5":2,"6":1,"7":1,"8":4},"f":{"0":4,"1":2},"b":{"0":[1,1]},"_coverageSchema":"1a1c01bbd47fc00a2c39e90264f33305004495a9","hash":"5a18ecfbd5b46b3d71fba2d76dacc6a58659878f"}
,"G:\\Final\\client\\src\\components\\upload-button\\UploadButton.tsx": {"path":"G:\\Final\\client\\src\\components\\upload-button\\UploadButton.tsx","statementMap":{"0":{"start":{"line":7,"column":14},"end":{"line":7,"column":28}},"1":{"start":{"line":10,"column":2},"end":{"line":15,"column":4}}},"fnMap":{"0":{"name":"UploadButton","decl":{"start":{"line":9,"column":9},"end":{"line":9,"column":21}},"loc":{"start":{"line":9,"column":53},"end":{"line":16,"column":1}},"line":9}},"branchMap":{"0":{"loc":{"start":{"line":12,"column":7},"end":{"line":12,"column":55}},"type":"cond-expr","locations":[{"start":{"line":12,"column":17},"end":{"line":12,"column":36}},{"start":{"line":12,"column":39},"end":{"line":12,"column":55}}],"line":12}},"s":{"0":6,"1":5},"f":{"0":5},"b":{"0":[0,5]},"_coverageSchema":"1a1c01bbd47fc00a2c39e90264f33305004495a9","hash":"2e6ce3462929c9ee221c27169b1c9189c08d8c54"}
,"G:\\Final\\client\\src\\components\\user-card\\UserCard.tsx": {"path":"G:\\Final\\client\\src\\components\\user-card\\UserCard.tsx","statementMap":{"0":{"start":{"line":12,"column":48},"end":{"line":12,"column":52}},"1":{"start":{"line":13,"column":15},"end":{"line":13,"column":68}},"2":{"start":{"line":15,"column":2},"end":{"line":26,"column":4}},"3":{"start":{"line":21,"column":33},"end":{"line":21,"column":92}}},"fnMap":{"0":{"name":"UserCard","decl":{"start":{"line":11,"column":9},"end":{"line":11,"column":17}},"loc":{"start":{"line":11,"column":42},"end":{"line":27,"column":1}},"line":11},"1":{"name":"(anonymous_1)","decl":{"start":{"line":21,"column":27},"end":{"line":21,"column":28}},"loc":{"start":{"line":21,"column":33},"end":{"line":21,"column":92}},"line":21}},"branchMap":{"0":{"loc":{"start":{"line":17,"column":7},"end":{"line":17,"column":113}},"type":"cond-expr","locations":[{"start":{"line":17,"column":17},"end":{"line":17,"column":76}},{"start":{"line":17,"column":79},"end":{"line":17,"column":113}}],"line":17},"1":{"loc":{"start":{"line":21,"column":33},"end":{"line":21,"column":92}},"type":"binary-expr","locations":[{"start":{"line":21,"column":33},"end":{"line":21,"column":75}},{"start":{"line":21,"column":79},"end":{"line":21,"column":92}}],"line":21}},"s":{"0":20,"1":20,"2":20,"3":0},"f":{"0":20,"1":0},"b":{"0":[1,19],"1":[0,0]},"_coverageSchema":"1a1c01bbd47fc00a2c39e90264f33305004495a9","hash":"2fb2c1963901a7d222c6e5dffe4f917a523b3afd"}
,"G:\\Final\\client\\src\\components\\user-preview\\UserPreview.tsx": {"path":"G:\\Final\\client\\src\\components\\user-preview\\UserPreview.tsx","statementMap":{"0":{"start":{"line":17,"column":14},"end":{"line":17,"column":42}},"1":{"start":{"line":18,"column":101},"end":{"line":18,"column":105}},"2":{"start":{"line":19,"column":15},"end":{"line":19,"column":68}},"3":{"start":{"line":20,"column":27},"end":{"line":20,"column":64}},"4":{"start":{"line":22,"column":2},"end":{"line":56,"column":4}}},"fnMap":{"0":{"name":"UserPreview","decl":{"start":{"line":16,"column":9},"end":{"line":16,"column":20}},"loc":{"start":{"line":16,"column":67},"end":{"line":57,"column":1}},"line":16}},"branchMap":{"0":{"loc":{"start":{"line":25,"column":7},"end":{"line":25,"column":119}},"type":"cond-expr","locations":[{"start":{"line":25,"column":17},"end":{"line":25,"column":79}},{"start":{"line":25,"column":82},"end":{"line":25,"column":119}}],"line":25},"1":{"loc":{"start":{"line":47,"column":7},"end":{"line":54,"column":7}},"type":"binary-expr","locations":[{"start":{"line":47,"column":7},"end":{"line":47,"column":13}},{"start":{"line":48,"column":8},"end":{"line":53,"column":14}}],"line":47}},"s":{"0":9,"1":9,"2":9,"3":9,"4":9},"f":{"0":9},"b":{"0":[4,5],"1":[9,1]},"_coverageSchema":"1a1c01bbd47fc00a2c39e90264f33305004495a9","hash":"7f78ce995ca8fe2961a49334e4a5410b7826f1cf"}
,"G:\\Final\\client\\src\\context\\ThemeContext.tsx": {"path":"G:\\Final\\client\\src\\context\\ThemeContext.tsx","statementMap":{"0":{"start":{"line":22,"column":21},"end":{"line":25,"column":2}},"1":{"start":{"line":29,"column":4},"end":{"line":29,"column":17}},"2":{"start":{"line":31,"column":4},"end":{"line":33,"column":6}},"3":{"start":{"line":35,"column":4},"end":{"line":35,"column":63}},"4":{"start":{"line":39,"column":25},"end":{"line":39,"column":35}},"5":{"start":{"line":40,"column":24},"end":{"line":40,"column":84}},"6":{"start":{"line":42,"column":4},"end":{"line":44,"column":7}},"7":{"start":{"line":43,"column":6},"end":{"line":43,"column":53}},"8":{"start":{"line":48,"column":25},"end":{"line":48,"column":35}},"9":{"start":{"line":49,"column":20},"end":{"line":49,"column":30}},"10":{"start":{"line":50,"column":4},"end":{"line":50,"column":48}},"11":{"start":{"line":52,"column":4},"end":{"line":54,"column":7}},"12":{"start":{"line":53,"column":6},"end":{"line":53,"column":47}},"13":{"start":{"line":55,"column":4},"end":{"line":55,"column":44}},"14":{"start":{"line":59,"column":20},"end":{"line":59,"column":30}},"15":{"start":{"line":60,"column":23},"end":{"line":60,"column":33}},"16":{"start":{"line":62,"column":4},"end":{"line":62,"column":119}}},"fnMap":{"0":{"name":"(anonymous_0)","decl":{"start":{"line":24,"column":12},"end":{"line":24,"column":13}},"loc":{"start":{"line":24,"column":18},"end":{"line":24,"column":20}},"line":24},"1":{"name":"(anonymous_1)","decl":{"start":{"line":28,"column":2},"end":{"line":28,"column":3}},"loc":{"start":{"line":28,"column":42},"end":{"line":36,"column":3}},"line":28},"2":{"name":"(anonymous_2)","decl":{"start":{"line":38,"column":2},"end":{"line":38,"column":3}},"loc":{"start":{"line":38,"column":28},"end":{"line":45,"column":3}},"line":38},"3":{"name":"(anonymous_3)","decl":{"start":{"line":42,"column":40},"end":{"line":42,"column":41}},"loc":{"start":{"line":42,"column":46},"end":{"line":44,"column":5}},"line":42},"4":{"name":"(anonymous_4)","decl":{"start":{"line":47,"column":2},"end":{"line":47,"column":3}},"loc":{"start":{"line":47,"column":34},"end":{"line":56,"column":3}},"line":47},"5":{"name":"(anonymous_5)","decl":{"start":{"line":52,"column":34},"end":{"line":52,"column":35}},"loc":{"start":{"line":52,"column":40},"end":{"line":54,"column":5}},"line":52},"6":{"name":"(anonymous_6)","decl":{"start":{"line":58,"column":2},"end":{"line":58,"column":3}},"loc":{"start":{"line":58,"column":11},"end":{"line":63,"column":3}},"line":58}},"branchMap":{"0":{"loc":{"start":{"line":40,"column":24},"end":{"line":40,"column":84}},"type":"binary-expr","locations":[{"start":{"line":40,"column":25},"end":{"line":40,"column":66}},{"start":{"line":40,"column":71},"end":{"line":40,"column":84}}],"line":40}},"s":{"0":5,"1":2,"2":2,"3":2,"4":2,"5":2,"6":2,"7":2,"8":2,"9":2,"10":2,"11":2,"12":2,"13":2,"14":4,"15":4,"16":4},"f":{"0":0,"1":2,"2":2,"3":2,"4":2,"5":2,"6":4},"b":{"0":[2,2]},"_coverageSchema":"1a1c01bbd47fc00a2c39e90264f33305004495a9","hash":"7bb8b53a3d6bab25201b1c9a4ca4cc0bc9166321"}
,"G:\\Final\\client\\src\\enums\\index.ts": {"path":"G:\\Final\\client\\src\\enums\\index.ts","statementMap":{},"fnMap":{},"branchMap":{},"s":{},"f":{},"b":{},"_coverageSchema":"1a1c01bbd47fc00a2c39e90264f33305004495a9","hash":"f99c07c4f97fe66346caf0f9ae5bbfcc3b55649c"}
,"G:\\Final\\client\\src\\enums\\routes.ts": {"path":"G:\\Final\\client\\src\\enums\\routes.ts","statementMap":{},"fnMap":{},"branchMap":{},"s":{},"f":{},"b":{},"_coverageSchema":"1a1c01bbd47fc00a2c39e90264f33305004495a9","hash":"ca759fd911bafea97c3d7686fc49f3edfbd7070c"}
,"G:\\Final\\client\\src\\enums\\server.ts": {"path":"G:\\Final\\client\\src\\enums\\server.ts","statementMap":{},"fnMap":{},"branchMap":{},"s":{},"f":{},"b":{},"_coverageSchema":"1a1c01bbd47fc00a2c39e90264f33305004495a9","hash":"f9a7bbd2b7336ac0b464cc4a5250b3293e0d16db"}
,"G:\\Final\\client\\src\\forms\\edit\\Edit.tsx": {"path":"G:\\Final\\client\\src\\forms\\edit\\Edit.tsx","statementMap":{"0":{"start":{"line":12,"column":19},"end":{"line":12,"column":35}},"1":{"start":{"line":13,"column":18},"end":{"line":13,"column":61}},"2":{"start":{"line":14,"column":20},"end":{"line":14,"column":62}},"3":{"start":{"line":15,"column":18},"end":{"line":15,"column":58}},"4":{"start":{"line":16,"column":17},"end":{"line":16,"column":55}},"5":{"start":{"line":18,"column":18},"end":{"line":18,"column":30}},"6":{"start":{"line":19,"column":27},"end":{"line":23,"column":3}},"7":{"start":{"line":20,"column":23},"end":{"line":20,"column":39}},"8":{"start":{"line":21,"column":20},"end":{"line":21,"column":68}},"9":{"start":{"line":22,"column":4},"end":{"line":22,"column":26}},"10":{"start":{"line":25,"column":27},"end":{"line":28,"column":3}},"11":{"start":{"line":26,"column":4},"end":{"line":26,"column":42}},"12":{"start":{"line":27,"column":4},"end":{"line":27,"column":23}},"13":{"start":{"line":30,"column":2},"end":{"line":34,"column":4}}},"fnMap":{"0":{"name":"Edit","decl":{"start":{"line":11,"column":9},"end":{"line":11,"column":13}},"loc":{"start":{"line":11,"column":16},"end":{"line":35,"column":1}},"line":11},"1":{"name":"(anonymous_1)","decl":{"start":{"line":19,"column":27},"end":{"line":19,"column":28}},"loc":{"start":{"line":19,"column":33},"end":{"line":23,"column":3}},"line":19},"2":{"name":"(anonymous_2)","decl":{"start":{"line":25,"column":27},"end":{"line":25,"column":28}},"loc":{"start":{"line":25,"column":50},"end":{"line":28,"column":3}},"line":25}},"branchMap":{},"s":{"0":3,"1":3,"2":3,"3":3,"4":3,"5":3,"6":3,"7":2,"8":2,"9":2,"10":3,"11":1,"12":1,"13":3},"f":{"0":3,"1":2,"2":1},"b":{},"_coverageSchema":"1a1c01bbd47fc00a2c39e90264f33305004495a9","hash":"3013466a73d2bc033096b7e48765ca640a4afb6d"}
,"G:\\Final\\client\\src\\forms\\login\\Login.tsx": {"path":"G:\\Final\\client\\src\\forms\\login\\Login.tsx","statementMap":{"0":{"start":{"line":12,"column":14},"end":{"line":12,"column":44}},"1":{"start":{"line":13,"column":19},"end":{"line":13,"column":35}},"2":{"start":{"line":14,"column":18},"end":{"line":14,"column":30}},"3":{"start":{"line":15,"column":17},"end":{"line":15,"column":56}},"4":{"start":{"line":16,"column":17},"end":{"line":16,"column":52}},"5":{"start":{"line":17,"column":20},"end":{"line":17,"column":62}},"6":{"start":{"line":18,"column":18},"end":{"line":18,"column":58}},"7":{"start":{"line":19,"column":17},"end":{"line":19,"column":55}},"8":{"start":{"line":21,"column":22},"end":{"line":23,"column":3}},"9":{"start":{"line":22,"column":4},"end":{"line":22,"column":39}},"10":{"start":{"line":25,"column":2},"end":{"line":29,"column":32}},"11":{"start":{"line":26,"column":4},"end":{"line":28,"column":5}},"12":{"start":{"line":27,"column":6},"end":{"line":27,"column":58}},"13":{"start":{"line":31,"column":2},"end":{"line":36,"column":4}},"14":{"start":{"line":32,"column":10},"end":{"line":34,"column":5}},"15":{"start":{"line":33,"column":6},"end":{"line":33,"column":43}},"16":{"start":{"line":38,"column":2},"end":{"line":42,"column":4}}},"fnMap":{"0":{"name":"Login","decl":{"start":{"line":11,"column":9},"end":{"line":11,"column":14}},"loc":{"start":{"line":11,"column":17},"end":{"line":43,"column":1}},"line":11},"1":{"name":"(anonymous_1)","decl":{"start":{"line":21,"column":22},"end":{"line":21,"column":23}},"loc":{"start":{"line":21,"column":38},"end":{"line":23,"column":3}},"line":21},"2":{"name":"(anonymous_2)","decl":{"start":{"line":25,"column":12},"end":{"line":25,"column":13}},"loc":{"start":{"line":25,"column":18},"end":{"line":29,"column":3}},"line":25},"3":{"name":"(anonymous_3)","decl":{"start":{"line":32,"column":4},"end":{"line":32,"column":5}},"loc":{"start":{"line":32,"column":10},"end":{"line":34,"column":5}},"line":32},"4":{"name":"(anonymous_4)","decl":{"start":{"line":32,"column":10},"end":{"line":32,"column":11}},"loc":{"start":{"line":32,"column":16},"end":{"line":34,"column":5}},"line":32}},"branchMap":{"0":{"loc":{"start":{"line":26,"column":4},"end":{"line":28,"column":5}},"type":"if","locations":[{"start":{"line":26,"column":4},"end":{"line":28,"column":5}},{"start":{},"end":{}}],"line":26}},"s":{"0":4,"1":4,"2":4,"3":4,"4":4,"5":4,"6":4,"7":4,"8":4,"9":1,"10":4,"11":3,"12":1,"13":4,"14":3,"15":1,"16":4},"f":{"0":4,"1":1,"2":3,"3":3,"4":1},"b":{"0":[1,2]},"_coverageSchema":"1a1c01bbd47fc00a2c39e90264f33305004495a9","hash":"34489e0afb8ca7385044f96775346258c6c0ba8a"}
,"G:\\Final\\client\\src\\forms\\page-error\\PageError.tsx": {"path":"G:\\Final\\client\\src\\forms\\page-error\\PageError.tsx","statementMap":{"0":{"start":{"line":10,"column":2},"end":{"line":14,"column":4}}},"fnMap":{"0":{"name":"PageError","decl":{"start":{"line":9,"column":9},"end":{"line":9,"column":18}},"loc":{"start":{"line":9,"column":51},"end":{"line":15,"column":1}},"line":9}},"branchMap":{},"s":{"0":4},"f":{"0":4},"b":{},"_coverageSchema":"1a1c01bbd47fc00a2c39e90264f33305004495a9","hash":"bd21e377626de44464efe3eb4803928982cbb9a8"}
,"G:\\Final\\client\\src\\forms\\post\\Post.tsx": {"path":"G:\\Final\\client\\src\\forms\\post\\Post.tsx","statementMap":{"0":{"start":{"line":18,"column":26},"end":{"line":18,"column":27}},"1":{"start":{"line":20,"column":19},"end":{"line":20,"column":35}},"2":{"start":{"line":21,"column":15},"end":{"line":21,"column":52}},"3":{"start":{"line":22,"column":24},"end":{"line":22,"column":70}},"4":{"start":{"line":23,"column":22},"end":{"line":23,"column":66}},"5":{"start":{"line":24,"column":20},"end":{"line":24,"column":62}},"6":{"start":{"line":26,"column":15},"end":{"line":26,"column":52}},"7":{"start":{"line":27,"column":16},"end":{"line":27,"column":54}},"8":{"start":{"line":28,"column":19},"end":{"line":28,"column":60}},"9":{"start":{"line":29,"column":28},"end":{"line":29,"column":78}},"10":{"start":{"line":30,"column":26},"end":{"line":30,"column":74}},"11":{"start":{"line":31,"column":24},"end":{"line":31,"column":70}},"12":{"start":{"line":33,"column":33},"end":{"line":35,"column":3}},"13":{"start":{"line":34,"column":4},"end":{"line":34,"column":46}},"14":{"start":{"line":37,"column":18},"end":{"line":37,"column":30}},"15":{"start":{"line":38,"column":27},"end":{"line":42,"column":3}},"16":{"start":{"line":39,"column":23},"end":{"line":39,"column":39}},"17":{"start":{"line":40,"column":20},"end":{"line":40,"column":68}},"18":{"start":{"line":41,"column":4},"end":{"line":41,"column":26}},"19":{"start":{"line":44,"column":2},"end":{"line":46,"column":21}},"20":{"start":{"line":45,"column":4},"end":{"line":45,"column":42}},"21":{"start":{"line":48,"column":2},"end":{"line":50,"column":27}},"22":{"start":{"line":49,"column":4},"end":{"line":49,"column":69}},"23":{"start":{"line":52,"column":2},"end":{"line":60,"column":4}},"24":{"start":{"line":53,"column":10},"end":{"line":58,"column":5}},"25":{"start":{"line":54,"column":6},"end":{"line":54,"column":79}},"26":{"start":{"line":55,"column":6},"end":{"line":55,"column":83}},"27":{"start":{"line":56,"column":6},"end":{"line":56,"column":36}},"28":{"start":{"line":57,"column":6},"end":{"line":57,"column":40}},"29":{"start":{"line":62,"column":25},"end":{"line":77,"column":3}},"30":{"start":{"line":63,"column":4},"end":{"line":76,"column":6}},"31":{"start":{"line":71,"column":8},"end":{"line":73,"column":23}},"32":{"start":{"line":79,"column":2},"end":{"line":88,"column":4}}},"fnMap":{"0":{"name":"Post","decl":{"start":{"line":17,"column":9},"end":{"line":17,"column":13}},"loc":{"start":{"line":17,"column":32},"end":{"line":89,"column":1}},"line":17},"1":{"name":"(anonymous_1)","decl":{"start":{"line":33,"column":33},"end":{"line":33,"column":34}},"loc":{"start":{"line":33,"column":54},"end":{"line":35,"column":3}},"line":33},"2":{"name":"(anonymous_2)","decl":{"start":{"line":38,"column":27},"end":{"line":38,"column":28}},"loc":{"start":{"line":38,"column":33},"end":{"line":42,"column":3}},"line":38},"3":{"name":"(anonymous_3)","decl":{"start":{"line":44,"column":12},"end":{"line":44,"column":13}},"loc":{"start":{"line":44,"column":18},"end":{"line":46,"column":3}},"line":44},"4":{"name":"(anonymous_4)","decl":{"start":{"line":48,"column":12},"end":{"line":48,"column":13}},"loc":{"start":{"line":48,"column":18},"end":{"line":50,"column":3}},"line":48},"5":{"name":"(anonymous_5)","decl":{"start":{"line":53,"column":4},"end":{"line":53,"column":5}},"loc":{"start":{"line":53,"column":10},"end":{"line":58,"column":5}},"line":53},"6":{"name":"(anonymous_6)","decl":{"start":{"line":53,"column":10},"end":{"line":53,"column":11}},"loc":{"start":{"line":53,"column":16},"end":{"line":58,"column":5}},"line":53},"7":{"name":"(anonymous_7)","decl":{"start":{"line":62,"column":25},"end":{"line":62,"column":26}},"loc":{"start":{"line":63,"column":4},"end":{"line":76,"column":6}},"line":63},"8":{"name":"(anonymous_8)","decl":{"start":{"line":70,"column":18},"end":{"line":70,"column":19}},"loc":{"start":{"line":71,"column":8},"end":{"line":73,"column":23}},"line":71}},"branchMap":{"0":{"loc":{"start":{"line":83,"column":15},"end":{"line":83,"column":45}},"type":"binary-expr","locations":[{"start":{"line":83,"column":15},"end":{"line":83,"column":26}},{"start":{"line":83,"column":30},"end":{"line":83,"column":45}}],"line":83},"1":{"loc":{"start":{"line":84,"column":14},"end":{"line":84,"column":40}},"type":"binary-expr","locations":[{"start":{"line":84,"column":14},"end":{"line":84,"column":23}},{"start":{"line":84,"column":27},"end":{"line":84,"column":40}}],"line":84}},"s":{"0":5,"1":5,"2":5,"3":5,"4":5,"5":5,"6":5,"7":5,"8":5,"9":5,"10":5,"11":5,"12":5,"13":1,"14":5,"15":5,"16":1,"17":1,"18":1,"19":5,"20":3,"21":5,"22":3,"23":5,"24":3,"25":1,"26":1,"27":1,"28":1,"29":5,"30":5,"31":16,"32":5},"f":{"0":5,"1":1,"2":1,"3":3,"4":3,"5":3,"6":1,"7":5,"8":16},"b":{"0":[5,5],"1":[5,5]},"_coverageSchema":"1a1c01bbd47fc00a2c39e90264f33305004495a9","hash":"07e2feeb41da41e72ed40af8a3f270e5026f3f22"}
,"G:\\Final\\client\\src\\forms\\posts\\Posts.tsx": {"path":"G:\\Final\\client\\src\\forms\\posts\\Posts.tsx","statementMap":{"0":{"start":{"line":12,"column":20},"end":{"line":12,"column":45}},"1":{"start":{"line":13,"column":19},"end":{"line":13,"column":35}},"2":{"start":{"line":14,"column":15},"end":{"line":14,"column":53}},"3":{"start":{"line":15,"column":16},"end":{"line":15,"column":55}},"4":{"start":{"line":16,"column":16},"end":{"line":16,"column":54}},"5":{"start":{"line":17,"column":20},"end":{"line":17,"column":63}},"6":{"start":{"line":18,"column":18},"end":{"line":18,"column":59}},"7":{"start":{"line":19,"column":17},"end":{"line":19,"column":56}},"8":{"start":{"line":20,"column":22},"end":{"line":20,"column":23}},"9":{"start":{"line":22,"column":2},"end":{"line":24,"column":46}},"10":{"start":{"line":23,"column":4},"end":{"line":23,"column":54}},"11":{"start":{"line":26,"column":2},"end":{"line":32,"column":4}},"12":{"start":{"line":27,"column":10},"end":{"line":30,"column":5}},"13":{"start":{"line":28,"column":6},"end":{"line":28,"column":44}},"14":{"start":{"line":29,"column":6},"end":{"line":29,"column":41}},"15":{"start":{"line":34,"column":33},"end":{"line":36,"column":3}},"16":{"start":{"line":35,"column":4},"end":{"line":35,"column":47}},"17":{"start":{"line":38,"column":2},"end":{"line":54,"column":4}},"18":{"start":{"line":48,"column":10},"end":{"line":50,"column":25}}},"fnMap":{"0":{"name":"Posts","decl":{"start":{"line":11,"column":9},"end":{"line":11,"column":14}},"loc":{"start":{"line":11,"column":17},"end":{"line":55,"column":1}},"line":11},"1":{"name":"(anonymous_1)","decl":{"start":{"line":22,"column":12},"end":{"line":22,"column":13}},"loc":{"start":{"line":22,"column":18},"end":{"line":24,"column":3}},"line":22},"2":{"name":"(anonymous_2)","decl":{"start":{"line":27,"column":4},"end":{"line":27,"column":5}},"loc":{"start":{"line":27,"column":10},"end":{"line":30,"column":5}},"line":27},"3":{"name":"(anonymous_3)","decl":{"start":{"line":27,"column":10},"end":{"line":27,"column":11}},"loc":{"start":{"line":27,"column":16},"end":{"line":30,"column":5}},"line":27},"4":{"name":"(anonymous_4)","decl":{"start":{"line":34,"column":33},"end":{"line":34,"column":34}},"loc":{"start":{"line":34,"column":54},"end":{"line":36,"column":3}},"line":34},"5":{"name":"(anonymous_5)","decl":{"start":{"line":47,"column":20},"end":{"line":47,"column":21}},"loc":{"start":{"line":48,"column":10},"end":{"line":50,"column":25}},"line":48}},"branchMap":{},"s":{"0":4,"1":4,"2":4,"3":4,"4":4,"5":4,"6":4,"7":4,"8":4,"9":4,"10":2,"11":4,"12":2,"13":1,"14":1,"15":4,"16":1,"17":4,"18":36},"f":{"0":4,"1":2,"2":2,"3":1,"4":1,"5":36},"b":{},"_coverageSchema":"1a1c01bbd47fc00a2c39e90264f33305004495a9","hash":"50e4015ecee8551059f3340700afe15be1224ff9"}
,"G:\\Final\\client\\src\\forms\\profile\\Profile.tsx": {"path":"G:\\Final\\client\\src\\forms\\profile\\Profile.tsx","statementMap":{"0":{"start":{"line":19,"column":20},"end":{"line":19,"column":48}},"1":{"start":{"line":20,"column":19},"end":{"line":20,"column":35}},"2":{"start":{"line":21,"column":17},"end":{"line":21,"column":52}},"3":{"start":{"line":22,"column":24},"end":{"line":22,"column":66}},"4":{"start":{"line":23,"column":27},"end":{"line":23,"column":79}},"5":{"start":{"line":24,"column":22},"end":{"line":24,"column":65}},"6":{"start":{"line":25,"column":29},"end":{"line":25,"column":83}},"7":{"start":{"line":26,"column":20},"end":{"line":26,"column":61}},"8":{"start":{"line":27,"column":15},"end":{"line":27,"column":55}},"9":{"start":{"line":28,"column":16},"end":{"line":28,"column":57}},"10":{"start":{"line":29,"column":22},"end":{"line":29,"column":23}},"11":{"start":{"line":31,"column":27},"end":{"line":31,"column":79}},"12":{"start":{"line":32,"column":26},"end":{"line":32,"column":76}},"13":{"start":{"line":34,"column":25},"end":{"line":34,"column":75}},"14":{"start":{"line":35,"column":24},"end":{"line":35,"column":72}},"15":{"start":{"line":37,"column":2},"end":{"line":39,"column":44}},"16":{"start":{"line":38,"column":4},"end":{"line":38,"column":48}},"17":{"start":{"line":41,"column":2},"end":{"line":43,"column":50}},"18":{"start":{"line":42,"column":4},"end":{"line":42,"column":69}},"19":{"start":{"line":45,"column":2},"end":{"line":53,"column":4}},"20":{"start":{"line":46,"column":10},"end":{"line":51,"column":5}},"21":{"start":{"line":47,"column":6},"end":{"line":47,"column":85}},"22":{"start":{"line":48,"column":6},"end":{"line":48,"column":88}},"23":{"start":{"line":49,"column":6},"end":{"line":49,"column":39}},"24":{"start":{"line":50,"column":6},"end":{"line":50,"column":43}},"25":{"start":{"line":55,"column":33},"end":{"line":57,"column":3}},"26":{"start":{"line":56,"column":4},"end":{"line":56,"column":49}},"27":{"start":{"line":59,"column":2},"end":{"line":83,"column":4}},"28":{"start":{"line":74,"column":10},"end":{"line":76,"column":25}}},"fnMap":{"0":{"name":"Profile","decl":{"start":{"line":18,"column":9},"end":{"line":18,"column":16}},"loc":{"start":{"line":18,"column":38},"end":{"line":84,"column":1}},"line":18},"1":{"name":"(anonymous_1)","decl":{"start":{"line":37,"column":12},"end":{"line":37,"column":13}},"loc":{"start":{"line":37,"column":18},"end":{"line":39,"column":3}},"line":37},"2":{"name":"(anonymous_2)","decl":{"start":{"line":41,"column":12},"end":{"line":41,"column":13}},"loc":{"start":{"line":41,"column":18},"end":{"line":43,"column":3}},"line":41},"3":{"name":"(anonymous_3)","decl":{"start":{"line":46,"column":4},"end":{"line":46,"column":5}},"loc":{"start":{"line":46,"column":10},"end":{"line":51,"column":5}},"line":46},"4":{"name":"(anonymous_4)","decl":{"start":{"line":46,"column":10},"end":{"line":46,"column":11}},"loc":{"start":{"line":46,"column":16},"end":{"line":51,"column":5}},"line":46},"5":{"name":"(anonymous_5)","decl":{"start":{"line":55,"column":33},"end":{"line":55,"column":34}},"loc":{"start":{"line":55,"column":54},"end":{"line":57,"column":3}},"line":55},"6":{"name":"(anonymous_6)","decl":{"start":{"line":73,"column":20},"end":{"line":73,"column":21}},"loc":{"start":{"line":74,"column":10},"end":{"line":76,"column":25}},"line":74}},"branchMap":{"0":{"loc":{"start":{"line":64,"column":15},"end":{"line":64,"column":49}},"type":"binary-expr","locations":[{"start":{"line":64,"column":15},"end":{"line":64,"column":29}},{"start":{"line":64,"column":33},"end":{"line":64,"column":49}}],"line":64},"1":{"loc":{"start":{"line":65,"column":14},"end":{"line":65,"column":46}},"type":"binary-expr","locations":[{"start":{"line":65,"column":14},"end":{"line":65,"column":27}},{"start":{"line":65,"column":31},"end":{"line":65,"column":46}}],"line":65},"2":{"loc":{"start":{"line":67,"column":49},"end":{"line":67,"column":82}},"type":"binary-expr","locations":[{"start":{"line":67,"column":49},"end":{"line":67,"column":65}},{"start":{"line":67,"column":69},"end":{"line":67,"column":82}}],"line":67}},"s":{"0":5,"1":5,"2":5,"3":5,"4":5,"5":5,"6":5,"7":5,"8":5,"9":5,"10":5,"11":5,"12":5,"13":5,"14":5,"15":5,"16":2,"17":5,"18":2,"19":5,"20":2,"21":1,"22":1,"23":1,"24":1,"25":5,"26":1,"27":5,"28":21},"f":{"0":5,"1":2,"2":2,"3":2,"4":1,"5":1,"6":21},"b":{"0":[5,5],"1":[5,5],"2":[5,5]},"_coverageSchema":"1a1c01bbd47fc00a2c39e90264f33305004495a9","hash":"76aca51c6822f13a9dce6b2a4297a7875fa22fa6"}
,"G:\\Final\\client\\src\\forms\\registration\\Registration.tsx": {"path":"G:\\Final\\client\\src\\forms\\registration\\Registration.tsx","statementMap":{"0":{"start":{"line":13,"column":14},"end":{"line":13,"column":42}},"1":{"start":{"line":14,"column":19},"end":{"line":14,"column":35}},"2":{"start":{"line":15,"column":18},"end":{"line":15,"column":30}},"3":{"start":{"line":16,"column":17},"end":{"line":16,"column":56}},"4":{"start":{"line":17,"column":17},"end":{"line":17,"column":52}},"5":{"start":{"line":18,"column":20},"end":{"line":18,"column":62}},"6":{"start":{"line":19,"column":18},"end":{"line":19,"column":58}},"7":{"start":{"line":20,"column":17},"end":{"line":20,"column":55}},"8":{"start":{"line":22,"column":2},"end":{"line":26,"column":32}},"9":{"start":{"line":23,"column":4},"end":{"line":25,"column":5}},"10":{"start":{"line":24,"column":6},"end":{"line":24,"column":58}},"11":{"start":{"line":28,"column":29},"end":{"line":30,"column":3}},"12":{"start":{"line":29,"column":4},"end":{"line":29,"column":48}},"13":{"start":{"line":32,"column":2},"end":{"line":37,"column":4}},"14":{"start":{"line":33,"column":10},"end":{"line":35,"column":5}},"15":{"start":{"line":34,"column":6},"end":{"line":34,"column":43}},"16":{"start":{"line":39,"column":2},"end":{"line":43,"column":4}}},"fnMap":{"0":{"name":"Registration","decl":{"start":{"line":12,"column":9},"end":{"line":12,"column":21}},"loc":{"start":{"line":12,"column":24},"end":{"line":44,"column":1}},"line":12},"1":{"name":"(anonymous_1)","decl":{"start":{"line":22,"column":12},"end":{"line":22,"column":13}},"loc":{"start":{"line":22,"column":18},"end":{"line":26,"column":3}},"line":22},"2":{"name":"(anonymous_2)","decl":{"start":{"line":28,"column":29},"end":{"line":28,"column":30}},"loc":{"start":{"line":28,"column":58},"end":{"line":30,"column":3}},"line":28},"3":{"name":"(anonymous_3)","decl":{"start":{"line":33,"column":4},"end":{"line":33,"column":5}},"loc":{"start":{"line":33,"column":10},"end":{"line":35,"column":5}},"line":33},"4":{"name":"(anonymous_4)","decl":{"start":{"line":33,"column":10},"end":{"line":33,"column":11}},"loc":{"start":{"line":33,"column":16},"end":{"line":35,"column":5}},"line":33}},"branchMap":{"0":{"loc":{"start":{"line":23,"column":4},"end":{"line":25,"column":5}},"type":"if","locations":[{"start":{"line":23,"column":4},"end":{"line":25,"column":5}},{"start":{},"end":{}}],"line":23}},"s":{"0":3,"1":3,"2":3,"3":3,"4":3,"5":3,"6":3,"7":3,"8":3,"9":2,"10":1,"11":3,"12":1,"13":3,"14":2,"15":1,"16":3},"f":{"0":3,"1":2,"2":1,"3":2,"4":1},"b":{"0":[1,1]},"_coverageSchema":"1a1c01bbd47fc00a2c39e90264f33305004495a9","hash":"3f5555300b3bb2b67a33d4ee45115f04bcc5241c"}
,"G:\\Final\\client\\src\\forms\\users\\Users.tsx": {"path":"G:\\Final\\client\\src\\forms\\users\\Users.tsx","statementMap":{"0":{"start":{"line":13,"column":14},"end":{"line":13,"column":39}},"1":{"start":{"line":14,"column":19},"end":{"line":14,"column":35}},"2":{"start":{"line":15,"column":15},"end":{"line":15,"column":53}},"3":{"start":{"line":16,"column":16},"end":{"line":16,"column":55}},"4":{"start":{"line":17,"column":16},"end":{"line":17,"column":54}},"5":{"start":{"line":18,"column":20},"end":{"line":18,"column":63}},"6":{"start":{"line":19,"column":18},"end":{"line":19,"column":59}},"7":{"start":{"line":20,"column":17},"end":{"line":20,"column":56}},"8":{"start":{"line":21,"column":22},"end":{"line":21,"column":23}},"9":{"start":{"line":23,"column":2},"end":{"line":25,"column":23}},"10":{"start":{"line":24,"column":4},"end":{"line":24,"column":54}},"11":{"start":{"line":27,"column":2},"end":{"line":33,"column":4}},"12":{"start":{"line":28,"column":10},"end":{"line":31,"column":5}},"13":{"start":{"line":29,"column":6},"end":{"line":29,"column":44}},"14":{"start":{"line":30,"column":6},"end":{"line":30,"column":41}},"15":{"start":{"line":35,"column":33},"end":{"line":37,"column":3}},"16":{"start":{"line":36,"column":4},"end":{"line":36,"column":47}},"17":{"start":{"line":39,"column":2},"end":{"line":57,"column":4}},"18":{"start":{"line":49,"column":10},"end":{"line":53,"column":25}}},"fnMap":{"0":{"name":"Users","decl":{"start":{"line":12,"column":9},"end":{"line":12,"column":14}},"loc":{"start":{"line":12,"column":17},"end":{"line":58,"column":1}},"line":12},"1":{"name":"(anonymous_1)","decl":{"start":{"line":23,"column":12},"end":{"line":23,"column":13}},"loc":{"start":{"line":23,"column":18},"end":{"line":25,"column":3}},"line":23},"2":{"name":"(anonymous_2)","decl":{"start":{"line":28,"column":4},"end":{"line":28,"column":5}},"loc":{"start":{"line":28,"column":10},"end":{"line":31,"column":5}},"line":28},"3":{"name":"(anonymous_3)","decl":{"start":{"line":28,"column":10},"end":{"line":28,"column":11}},"loc":{"start":{"line":28,"column":16},"end":{"line":31,"column":5}},"line":28},"4":{"name":"(anonymous_4)","decl":{"start":{"line":35,"column":33},"end":{"line":35,"column":34}},"loc":{"start":{"line":35,"column":54},"end":{"line":37,"column":3}},"line":35},"5":{"name":"(anonymous_5)","decl":{"start":{"line":48,"column":20},"end":{"line":48,"column":21}},"loc":{"start":{"line":49,"column":10},"end":{"line":53,"column":25}},"line":49}},"branchMap":{},"s":{"0":3,"1":3,"2":3,"3":3,"4":3,"5":3,"6":3,"7":3,"8":3,"9":3,"10":2,"11":3,"12":2,"13":1,"14":1,"15":3,"16":1,"17":3,"18":30},"f":{"0":3,"1":2,"2":2,"3":1,"4":1,"5":30},"b":{},"_coverageSchema":"1a1c01bbd47fc00a2c39e90264f33305004495a9","hash":"5334634e0faf903d4c54a0a6b885b2c010e67349"}
,"G:\\Final\\client\\src\\hooks\\use-app-dispatch.ts": {"path":"G:\\Final\\client\\src\\hooks\\use-app-dispatch.ts","statementMap":{"0":{"start":{"line":4,"column":23},"end":{"line":4,"column":55}},"1":{"start":{"line":4,"column":29},"end":{"line":4,"column":55}}},"fnMap":{"0":{"name":"(anonymous_0)","decl":{"start":{"line":4,"column":23},"end":{"line":4,"column":24}},"loc":{"start":{"line":4,"column":29},"end":{"line":4,"column":55}},"line":4}},"branchMap":{},"s":{"0":12,"1":28},"f":{"0":28},"b":{},"_coverageSchema":"1a1c01bbd47fc00a2c39e90264f33305004495a9","hash":"8fa5d1ba1c5f7c14d47dc1e00c09e81f535839a8"}
,"G:\\Final\\client\\src\\hooks\\use-app-selector.ts": {"path":"G:\\Final\\client\\src\\hooks\\use-app-selector.ts","statementMap":{"0":{"start":{"line":4,"column":56},"end":{"line":4,"column":67}}},"fnMap":{},"branchMap":{},"s":{"0":12},"f":{},"b":{},"_coverageSchema":"1a1c01bbd47fc00a2c39e90264f33305004495a9","hash":"6dc1d8cc975b4e14d99420d19038e7c666167324"}
,"G:\\Final\\client\\src\\hooks\\use-app-translation.ts": {"path":"G:\\Final\\client\\src\\hooks\\use-app-translation.ts","statementMap":{"0":{"start":{"line":3,"column":26},"end":{"line":3,"column":103}},"1":{"start":{"line":3,"column":50},"end":{"line":3,"column":103}}},"fnMap":{"0":{"name":"(anonymous_0)","decl":{"start":{"line":3,"column":26},"end":{"line":3,"column":27}},"loc":{"start":{"line":3,"column":50},"end":{"line":3,"column":103}},"line":3}},"branchMap":{},"s":{"0":20,"1":72},"f":{"0":72},"b":{},"_coverageSchema":"1a1c01bbd47fc00a2c39e90264f33305004495a9","hash":"274dfeee891d6c05cdaae4224d8066c31a11e2c5"}
,"G:\\Final\\client\\src\\locale\\i18next.ts": {"path":"G:\\Final\\client\\src\\locale\\i18next.ts","statementMap":{"0":{"start":{"line":8,"column":0},"end":{"line":22,"column":5}}},"fnMap":{},"branchMap":{},"s":{"0":34},"f":{},"b":{},"_coverageSchema":"1a1c01bbd47fc00a2c39e90264f33305004495a9","hash":"0b4539c15b16428197fff3b743dec1eca767468d"}
,"G:\\Final\\client\\src\\locale\\en\\auth.ts": {"path":"G:\\Final\\client\\src\\locale\\en\\auth.ts","statementMap":{"0":{"start":{"line":1,"column":13},"end":{"line":5,"column":1}}},"fnMap":{},"branchMap":{},"s":{"0":34},"f":{},"b":{},"_coverageSchema":"1a1c01bbd47fc00a2c39e90264f33305004495a9","hash":"8791e6fd1118714442b56e0111dead7e35c55a12"}
,"G:\\Final\\client\\src\\locale\\en\\edit-form.ts": {"path":"G:\\Final\\client\\src\\locale\\en\\edit-form.ts","statementMap":{"0":{"start":{"line":1,"column":18},"end":{"line":25,"column":1}}},"fnMap":{},"branchMap":{},"s":{"0":34},"f":{},"b":{},"_coverageSchema":"1a1c01bbd47fc00a2c39e90264f33305004495a9","hash":"86f856c205a6b56f97602753f99f4d8fb45c96fc"}
,"G:\\Final\\client\\src\\locale\\en\\error.ts": {"path":"G:\\Final\\client\\src\\locale\\en\\error.ts","statementMap":{"0":{"start":{"line":1,"column":14},"end":{"line":41,"column":1}}},"fnMap":{},"branchMap":{},"s":{"0":34},"f":{},"b":{},"_coverageSchema":"1a1c01bbd47fc00a2c39e90264f33305004495a9","hash":"fb3eb9246bfbfe9c459492d02c5ec5c931310a93"}
,"G:\\Final\\client\\src\\locale\\en\\index.ts": {"path":"G:\\Final\\client\\src\\locale\\en\\index.ts","statementMap":{"0":{"start":{"line":10,"column":11},"end":{"line":19,"column":1}}},"fnMap":{},"branchMap":{},"s":{"0":34},"f":{},"b":{},"_coverageSchema":"1a1c01bbd47fc00a2c39e90264f33305004495a9","hash":"7a3781833285de6ed2d54038184b745d124d2105"}
,"G:\\Final\\client\\src\\locale\\en\\login-form.ts": {"path":"G:\\Final\\client\\src\\locale\\en\\login-form.ts","statementMap":{"0":{"start":{"line":1,"column":19},"end":{"line":8,"column":1}}},"fnMap":{},"branchMap":{},"s":{"0":34},"f":{},"b":{},"_coverageSchema":"1a1c01bbd47fc00a2c39e90264f33305004495a9","hash":"b9898c4a580dfcaf282b8229f4bd0fb3493853de"}
,"G:\\Final\\client\\src\\locale\\en\\menu.ts": {"path":"G:\\Final\\client\\src\\locale\\en\\menu.ts","statementMap":{"0":{"start":{"line":1,"column":13},"end":{"line":4,"column":1}}},"fnMap":{},"branchMap":{},"s":{"0":34},"f":{},"b":{},"_coverageSchema":"1a1c01bbd47fc00a2c39e90264f33305004495a9","hash":"ee25b1521ef194118c9320a1c7d616683867dcab"}
,"G:\\Final\\client\\src\\locale\\en\\profile.ts": {"path":"G:\\Final\\client\\src\\locale\\en\\profile.ts","statementMap":{"0":{"start":{"line":1,"column":16},"end":{"line":18,"column":1}}},"fnMap":{},"branchMap":{},"s":{"0":34},"f":{},"b":{},"_coverageSchema":"1a1c01bbd47fc00a2c39e90264f33305004495a9","hash":"a216fdf913be2b5a57e36ea056e74318ea267cbe"}
,"G:\\Final\\client\\src\\locale\\en\\reg-form.ts": {"path":"G:\\Final\\client\\src\\locale\\en\\reg-form.ts","statementMap":{"0":{"start":{"line":1,"column":17},"end":{"line":29,"column":1}}},"fnMap":{},"branchMap":{},"s":{"0":34},"f":{},"b":{},"_coverageSchema":"1a1c01bbd47fc00a2c39e90264f33305004495a9","hash":"eb6ddc537db7c72d98892f5663211c0e57595111"}
,"G:\\Final\\client\\src\\locale\\en\\theme.ts": {"path":"G:\\Final\\client\\src\\locale\\en\\theme.ts","statementMap":{"0":{"start":{"line":1,"column":14},"end":{"line":4,"column":1}}},"fnMap":{},"branchMap":{},"s":{"0":34},"f":{},"b":{},"_coverageSchema":"1a1c01bbd47fc00a2c39e90264f33305004495a9","hash":"0d0a41180c0bce526cffb7128b8405c0e40c6fd5"}
,"G:\\Final\\client\\src\\locale\\ru\\auth.ts": {"path":"G:\\Final\\client\\src\\locale\\ru\\auth.ts","statementMap":{"0":{"start":{"line":1,"column":13},"end":{"line":5,"column":1}}},"fnMap":{},"branchMap":{},"s":{"0":34},"f":{},"b":{},"_coverageSchema":"1a1c01bbd47fc00a2c39e90264f33305004495a9","hash":"22d88c5a7ce4617b8b80995f5ada7da02ddfa286"}
,"G:\\Final\\client\\src\\locale\\ru\\edit-form.ts": {"path":"G:\\Final\\client\\src\\locale\\ru\\edit-form.ts","statementMap":{"0":{"start":{"line":1,"column":18},"end":{"line":25,"column":1}}},"fnMap":{},"branchMap":{},"s":{"0":34},"f":{},"b":{},"_coverageSchema":"1a1c01bbd47fc00a2c39e90264f33305004495a9","hash":"ab94b534b427ecc5caa070547655156d9172ddef"}
[...]
,"G:\\Final\\client\\src\\store\\users\\slices\\fetch.ts": {"path":"G:\\Final\\client\\src\\store\\users\\slices\\fetch.ts","statementMap":{"0":{"start":{"line":4,"column":14},"end":{"line":4,"column":56}},"1":{"start":{"line":5,"column":21},"end":{"line":5,"column":34}},"2":{"start":{"line":6,"column":23},"end":{"line":6,"column":38}},"3":{"start":{"line":7,"column":21},"end":{"line":7,"column":34}}},"fnMap":{},"branchMap":{},"s":{"0":4,"1":4,"2":4,"3":4},"f":{},"b":{},"_coverageSchema":"1a1c01bbd47fc00a2c39e90264f33305004495a9","hash":"49c6c8ee67743a66e90f37f1a559c3e96d8cc425"}
,"G:\\Final\\client\\src\\store\\users\\slices\\list.ts": {"path":"G:\\Final\\client\\src\\store\\users\\slices\\list.ts","statementMap":{"0":{"start":{"line":6,"column":13},"end":{"line":6,"column":101}},"1":{"start":{"line":7,"column":20},"end":{"line":7,"column":32}},"2":{"start":{"line":8,"column":22},"end":{"line":8,"column":36}},"3":{"start":{"line":9,"column":20},"end":{"line":9,"column":32}}},"fnMap":{},"branchMap":{},"s":{"0":4,"1":4,"2":4,"3":4},"f":{},"b":{},"_coverageSchema":"1a1c01bbd47fc00a2c39e90264f33305004495a9","hash":"5e7f89b57bd975b1e854c0a0d4a7edbad47648bc"}
,"G:\\Final\\client\\src\\types\\comment.ts": {"path":"G:\\Final\\client\\src\\types\\comment.ts","statementMap":{},"fnMap":{},"branchMap":{},"s":{},"f":{},"b":{}}
,"G:\\Final\\client\\src\\types\\index.ts": {"path":"G:\\Final\\client\\src\\types\\index.ts","statementMap":{},"fnMap":{},"branchMap":{},"s":{},"f":{},"b":{}}
,"G:\\Final\\client\\src\\types\\lists.ts": {"path":"G:\\Final\\client\\src\\types\\lists.ts","statementMap":{},"fnMap":{},"branchMap":{},"s":{},"f":{},"b":{}}
,"G:\\Final\\client\\src\\types\\post.ts": {"path":"G:\\Final\\client\\src\\types\\post.ts","statementMap":{},"fnMap":{},"branchMap":{},"s":{},"f":{},"b":{}}
,"G:\\Final\\client\\src\\types\\user.ts": {"path":"G:\\Final\\client\\src\\types\\user.ts","statementMap":{},"fnMap":{},"branchMap":{},"s":{},"f":{},"b":{}}
,"G:\\Final\\client\\src\\utils\\data.ts": {"path":"G:\\Final\\client\\src\\utils\\data.ts","statementMap":{"0":{"start":{"line":4,"column":26},"end":{"line":10,"column":2}},"1":{"start":{"line":4,"column":47},"end":{"line":10,"column":1}},"2":{"start":{"line":12,"column":26},"end":{"line":18,"column":2}},"3":{"start":{"line":12,"column":47},"end":{"line":18,"column":1}},"4":{"start":{"line":20,"column":29},"end":{"line":26,"column":2}},"5":{"start":{"line":20,"column":36},"end":{"line":26,"column":1}},"6":{"start":{"line":28,"column":30},"end":{"line":46,"column":2}},"7":{"start":{"line":28,"column":44},"end":{"line":46,"column":1}},"8":{"start":{"line":48,"column":27},"end":{"line":48,"column":96}},"9":{"start":{"line":48,"column":47},"end":{"line":48,"column":96}},"10":{"start":{"line":49,"column":27},"end":{"line":49,"column":96}},"11":{"start":{"line":49,"column":47},"end":{"line":49,"column":96}},"12":{"start":{"line":50,"column":30},"end":{"line":50,"column":102}},"13":{"start":{"line":50,"column":50},"end":{"line":50,"column":102}},"14":{"start":{"line":52,"column":22},"end":{"line":60,"column":1}},"15":{"start":{"line":53,"column":32},"end":{"line":53,"column":54}},"16":{"start":{"line":54,"column":19},"end":{"line":54,"column":33}},"17":{"start":{"line":56,"column":2},"end":{"line":59,"column":4}},"18":{"start":{"line":62,"column":20},"end":{"line":62,"column":102}},"19":{"start":{"line":62,"column":69},"end":{"line":62,"column":102}},"20":{"start":{"line":63,"column":24},"end":{"line":64,"column":95}},"21":{"start":{"line":64,"column":2},"end":{"line":64,"column":95}}},"fnMap":{"0":{"name":"(anonymous_0)","decl":{"start":{"line":4,"column":26},"end":{"line":4,"column":27}},"loc":{"start":{"line":4,"column":47},"end":{"line":10,"column":1}},"line":4},"1":{"name":"(anonymous_1)","decl":{"start":{"line":12,"column":26},"end":{"line":12,"column":27}},"loc":{"start":{"line":12,"column":47},"end":{"line":18,"column":1}},"line":12},"2":{"name":"(anonymous_2)","decl":{"start":{"line":20,"column":29},"end":{"line":20,"column":30}},"loc":{"start":{"line":20,"column":36},"end":{"line":26,"column":1}},"line":20},"3":{"name":"(anonymous_3)","decl":{"start":{"line":28,"column":30},"end":{"line":28,"column":31}},"loc":{"start":{"line":28,"column":44},"end":{"line":46,"column":1}},"line":28},"4":{"name":"(anonymous_4)","decl":{"start":{"line":48,"column":27},"end":{"line":48,"column":28}},"loc":{"start":{"line":48,"column":47},"end":{"line":48,"column":96}},"line":48},"5":{"name":"(anonymous_5)","decl":{"start":{"line":49,"column":27},"end":{"line":49,"column":28}},"loc":{"start":{"line":49,"column":47},"end":{"line":49,"column":96}},"line":49},"6":{"name":"(anonymous_6)","decl":{"start":{"line":50,"column":30},"end":{"line":50,"column":31}},"loc":{"start":{"line":50,"column":50},"end":{"line":50,"column":102}},"line":50},"7":{"name":"(anonymous_7)","decl":{"start":{"line":52,"column":22},"end":{"line":52,"column":23}},"loc":{"start":{"line":52,"column":40},"end":{"line":60,"column":1}},"line":52},"8":{"name":"(anonymous_8)","decl":{"start":{"line":62,"column":20},"end":{"line":62,"column":21}},"loc":{"start":{"line":62,"column":69},"end":{"line":62,"column":102}},"line":62},"9":{"name":"(anonymous_9)","decl":{"start":{"line":63,"column":24},"end":{"line":63,"column":25}},"loc":{"start":{"line":64,"column":2},"end":{"line":64,"column":95}},"line":64}},"branchMap":{"0":{"loc":{"start":{"line":64,"column":5},"end":{"line":64,"column":69}},"type":"cond-expr","locations":[{"start":{"line":64,"column":13},"end":{"line":64,"column":64}},{"start":{"line":64,"column":67},"end":{"line":64,"column":69}}],"line":64}},"s":{"0":34,"1":102,"2":34,"3":62,"4":34,"5":12,"6":34,"7":10,"8":34,"9":5,"10":34,"11":15,"12":34,"13":5,"14":34,"15":13,"16":13,"17":13,"18":34,"19":7,"20":34,"21":92},"f":{"0":102,"1":62,"2":12,"3":10,"4":5,"5":15,"6":5,"7":13,"8":7,"9":92},"b":{"0":[14,78]},"_coverageSchema":"1a1c01bbd47fc00a2c39e90264f33305004495a9","hash":"201e48a12de13c6fd18a7d373276f175f269be62"}
,"G:\\Final\\client\\src\\utils\\dom.ts": {"path":"G:\\Final\\client\\src\\utils\\dom.ts","statementMap":{"0":{"start":{"line":1,"column":21},"end":{"line":1,"column":82}},"1":{"start":{"line":1,"column":44},"end":{"line":1,"column":82}},"2":{"start":{"line":2,"column":24},"end":{"line":2,"column":88}},"3":{"start":{"line":2,"column":47},"end":{"line":2,"column":88}}},"fnMap":{"0":{"name":"(anonymous_0)","decl":{"start":{"line":1,"column":21},"end":{"line":1,"column":22}},"loc":{"start":{"line":1,"column":44},"end":{"line":1,"column":82}},"line":1},"1":{"name":"(anonymous_1)","decl":{"start":{"line":2,"column":24},"end":{"line":2,"column":25}},"loc":{"start":{"line":2,"column":47},"end":{"line":2,"column":88}},"line":2}},"branchMap":{},"s":{"0":34,"1":5,"2":34,"3":3},"f":{"0":5,"1":3},"b":{},"_coverageSchema":"1a1c01bbd47fc00a2c39e90264f33305004495a9","hash":"f0344e441eeec1466bec6dcf44291c9a320aa615"}
,"G:\\Final\\client\\src\\utils\\file.ts": {"path":"G:\\Final\\client\\src\\utils\\file.ts","statementMap":{"0":{"start":{"line":3,"column":23},"end":{"line":7,"column":1}},"1":{"start":{"line":4,"column":17},"end":{"line":4,"column":33}},"2":{"start":{"line":5,"column":2},"end":{"line":5,"column":29}},"3":{"start":{"line":6,"column":2},"end":{"line":6,"column":48}},"4":{"start":{"line":6,"column":24},"end":{"line":6,"column":47}}},"fnMap":{"0":{"name":"(anonymous_0)","decl":{"start":{"line":3,"column":23},"end":{"line":3,"column":24}},"loc":{"start":{"line":3,"column":76},"end":{"line":7,"column":1}},"line":3},"1":{"name":"(anonymous_1)","decl":{"start":{"line":6,"column":18},"end":{"line":6,"column":19}},"loc":{"start":{"line":6,"column":24},"end":{"line":6,"column":47}},"line":6}},"branchMap":{},"s":{"0":34,"1":1,"2":1,"3":1,"4":1},"f":{"0":1,"1":1},"b":{},"_coverageSchema":"1a1c01bbd47fc00a2c39e90264f33305004495a9","hash":"789fcd2d955dd05f23da32612a979ea403c5f290"}
,"G:\\Final\\client\\src\\utils\\index.ts": {"path":"G:\\Final\\client\\src\\utils\\index.ts","statementMap":{},"fnMap":{},"branchMap":{},"s":{},"f":{},"b":{},"_coverageSchema":"1a1c01bbd47fc00a2c39e90264f33305004495a9","hash":"c1fb593886ed031fd22d51cbb9356924e9cefb03"}
,"G:\\Final\\client\\src\\utils\\object.ts": {"path":"G:\\Final\\client\\src\\utils\\object.ts","statementMap":{"0":{"start":{"line":1,"column":21},"end":{"line":2,"column":62}},"1":{"start":{"line":2,"column":2},"end":{"line":2,"column":62}}},"fnMap":{"0":{"name":"(anonymous_0)","decl":{"start":{"line":1,"column":21},"end":{"line":1,"column":22}},"loc":{"start":{"line":2,"column":2},"end":{"line":2,"column":62}},"line":2}},"branchMap":{},"s":{"0":34,"1":15},"f":{"0":15},"b":{},"_coverageSchema":"1a1c01bbd47fc00a2c39e90264f33305004495a9","hash":"6cf9d7e29130bf67c7abc8fef7c7d417dd50f5c5"}
,"G:\\Final\\client\\src\\utils\\request.ts": {"path":"G:\\Final\\client\\src\\utils\\request.ts","statementMap":{"0":{"start":{"line":1,"column":21},"end":{"line":7,"column":1}},"1":{"start":{"line":2,"column":2},"end":{"line":6,"column":8}},"2":{"start":{"line":3,"column":4},"end":{"line":5,"column":5}},"3":{"start":{"line":4,"column":6},"end":{"line":4,"column":22}}},"fnMap":{"0":{"name":"(anonymous_0)","decl":{"start":{"line":1,"column":21},"end":{"line":1,"column":22}},"loc":{"start":{"line":1,"column":62},"end":{"line":7,"column":1}},"line":1},"1":{"name":"(anonymous_1)","decl":{"start":{"line":2,"column":13},"end":{"line":2,"column":14}},"loc":{"start":{"line":2,"column":19},"end":{"line":6,"column":3}},"line":2}},"branchMap":{"0":{"loc":{"start":{"line":3,"column":4},"end":{"line":5,"column":5}},"type":"if","locations":[{"start":{"line":3,"column":4},"end":{"line":5,"column":5}},{"start":{},"end":{}}],"line":3}},"s":{"0":34,"1":2,"2":2,"3":1},"f":{"0":2,"1":2},"b":{"0":[1,1]},"_coverageSchema":"1a1c01bbd47fc00a2c39e90264f33305004495a9","hash":"32fbe23e6f0f3e15ce731c64f93ab6de18f844ef"}
,"G:\\Final\\client\\src\\utils\\route.ts": {"path":"G:\\Final\\client\\src\\utils\\route.ts","statementMap":{"0":{"start":{"line":3,"column":27},"end":{"line":3,"column":71}},"1":{"start":{"line":3,"column":43},"end":{"line":3,"column":71}},"2":{"start":{"line":4,"column":31},"end":{"line":4,"column":79}},"3":{"start":{"line":4,"column":47},"end":{"line":4,"column":79}},"4":{"start":{"line":5,"column":31},"end":{"line":5,"column":114}},"5":{"start":{"line":5,"column":70},"end":{"line":5,"column":114}},"6":{"start":{"line":6,"column":24},"end":{"line":6,"column":74}},"7":{"start":{"line":6,"column":44},"end":{"line":6,"column":74}}},"fnMap":{"0":{"name":"(anonymous_0)","decl":{"start":{"line":3,"column":27},"end":{"line":3,"column":28}},"loc":{"start":{"line":3,"column":43},"end":{"line":3,"column":71}},"line":3},"1":{"name":"(anonymous_1)","decl":{"start":{"line":4,"column":31},"end":{"line":4,"column":32}},"loc":{"start":{"line":4,"column":47},"end":{"line":4,"column":79}},"line":4},"2":{"name":"(anonymous_2)","decl":{"start":{"line":5,"column":31},"end":{"line":5,"column":32}},"loc":{"start":{"line":5,"column":70},"end":{"line":5,"column":114}},"line":5},"3":{"name":"(anonymous_3)","decl":{"start":{"line":6,"column":24},"end":{"line":6,"column":25}},"loc":{"start":{"line":6,"column":44},"end":{"line":6,"column":74}},"line":6}},"branchMap":{},"s":{"0":34,"1":122,"2":34,"3":10,"4":34,"5":45,"6":34,"7":45},"f":{"0":122,"1":10,"2":45,"3":45},"b":{},"_coverageSchema":"1a1c01bbd47fc00a2c39e90264f33305004495a9","hash":"8f5c0319737da8855992112f8a921cb5feab0976"}
,"G:\\Final\\client\\src\\utils\\validate.ts": {"path":"G:\\Final\\client\\src\\utils\\validate.ts","statementMap":{"0":{"start":{"line":7,"column":25},"end":{"line":14,"column":2}},"1":{"start":{"line":7,"column":43},"end":{"line":14,"column":2}},"2":{"start":{"line":7,"column":50},"end":{"line":14,"column":1}},"3":{"start":{"line":9,"column":4},"end":{"line":11,"column":5}},"4":{"start":{"line":10,"column":6},"end":{"line":10,"column":56}},"5":{"start":{"line":12,"column":4},"end":{"line":12,"column":29}},"6":{"start":{"line":15,"column":27},"end":{"line":15,"column":73}},"7":{"start":{"line":16,"column":29},"end":{"line":16,"column":77}},"8":{"start":{"line":17,"column":31},"end":{"line":17,"column":81}},"9":{"start":{"line":18,"column":30},"end":{"line":18,"column":77}},"10":{"start":{"line":19,"column":30},"end":{"line":19,"column":79}},"11":{"start":{"line":20,"column":30},"end":{"line":20,"column":79}},"12":{"start":{"line":22,"column":25},"end":{"line":29,"column":2}},"13":{"start":{"line":22,"column":42},"end":{"line":29,"column":2}},"14":{"start":{"line":22,"column":49},"end":{"line":29,"column":1}},"15":{"start":{"line":24,"column":4},"end":{"line":26,"column":5}},"16":{"start":{"line":25,"column":6},"end":{"line":25,"column":86}},"17":{"start":{"line":27,"column":4},"end":{"line":27,"column":29}},"18":{"start":{"line":30,"column":31},"end":{"line":30,"column":50}},"19":{"start":{"line":32,"column":26},"end":{"line":46,"column":2}},"20":{"start":{"line":32,"column":33},"end":{"line":46,"column":1}},"21":{"start":{"line":34,"column":34},"end":{"line":34,"column":64}},"22":{"start":{"line":36,"column":4},"end":{"line":38,"column":5}},"23":{"start":{"line":37,"column":6},"end":{"line":37,"column":77}},"24":{"start":{"line":40,"column":4},"end":{"line":42,"column":5}},"25":{"start":{"line":41,"column":6},"end":{"line":41,"column":77}},"26":{"start":{"line":44,"column":4},"end":{"line":44,"column":29}},"27":{"start":{"line":48,"column":23},"end":{"line":58,"column":1}},"28":{"start":{"line":49,"column":21},"end":{"line":49,"column":76}},"29":{"start":{"line":50,"column":2},"end":{"line":52,"column":3}},"30":{"start":{"line":51,"column":4},"end":{"line":51,"column":64}},"31":{"start":{"line":53,"column":17},"end":{"line":53,"column":44}},"32":{"start":{"line":54,"column":2},"end":{"line":56,"column":3}},"33":{"start":{"line":55,"column":4},"end":{"line":55,"column":61}},"34":{"start":{"line":57,"column":2},"end":{"line":57,"column":54}},"35":{"start":{"line":60,"column":29},"end":{"line":63,"column":2}},"36":{"start":{"line":60,"column":36},"end":{"line":63,"column":1}},"37":{"start":{"line":64,"column":29},"end":{"line":64,"column":110}},"38":{"start":{"line":64,"column":36},"end":{"line":64,"column":109}},"39":{"start":{"line":65,"column":31},"end":{"line":65,"column":88}},"40":{"start":{"line":65,"column":59},"end":{"line":65,"column":88}}},"fnMap":{"0":{"name":"(anonymous_0)","decl":{"start":{"line":7,"column":25},"end":{"line":7,"column":26}},"loc":{"start":{"line":7,"column":43},"end":{"line":14,"column":2}},"line":7},"1":{"name":"(anonymous_1)","decl":{"start":{"line":7,"column":43},"end":{"line":7,"column":44}},"loc":{"start":{"line":7,"column":50},"end":{"line":14,"column":1}},"line":7},"2":{"name":"(anonymous_2)","decl":{"start":{"line":8,"column":2},"end":{"line":8,"column":3}},"loc":{"start":{"line":8,"column":39},"end":{"line":13,"column":3}},"line":8},"3":{"name":"(anonymous_3)","decl":{"start":{"line":22,"column":25},"end":{"line":22,"column":26}},"loc":{"start":{"line":22,"column":42},"end":{"line":29,"column":2}},"line":22},"4":{"name":"(anonymous_4)","decl":{"start":{"line":22,"column":42},"end":{"line":22,"column":43}},"loc":{"start":{"line":22,"column":49},"end":{"line":29,"column":1}},"line":22},"5":{"name":"(anonymous_5)","decl":{"start":{"line":23,"column":2},"end":{"line":23,"column":3}},"loc":{"start":{"line":23,"column":39},"end":{"line":28,"column":3}},"line":23},"6":{"name":"(anonymous_6)","decl":{"start":{"line":32,"column":26},"end":{"line":32,"column":27}},"loc":{"start":{"line":32,"column":33},"end":{"line":46,"column":1}},"line":32},"7":{"name":"(anonymous_7)","decl":{"start":{"line":33,"column":2},"end":{"line":33,"column":3}},"loc":{"start":{"line":33,"column":39},"end":{"line":45,"column":3}},"line":33},"8":{"name":"(anonymous_8)","decl":{"start":{"line":48,"column":23},"end":{"line":48,"column":24}},"loc":{"start":{"line":48,"column":39},"end":{"line":58,"column":1}},"line":48},"9":{"name":"(anonymous_9)","decl":{"start":{"line":60,"column":29},"end":{"line":60,"column":30}},"loc":{"start":{"line":60,"column":36},"end":{"line":63,"column":1}},"line":60},"10":{"name":"(anonymous_10)","decl":{"start":{"line":64,"column":29},"end":{"line":64,"column":30}},"loc":{"start":{"line":64,"column":36},"end":{"line":64,"column":109}},"line":64},"11":{"name":"(anonymous_11)","decl":{"start":{"line":65,"column":31},"end":{"line":65,"column":32}},"loc":{"start":{"line":65,"column":59},"end":{"line":65,"column":88}},"line":65}},"branchMap":{"0":{"loc":{"start":{"line":9,"column":4},"end":{"line":11,"column":5}},"type":"if","locations":[{"start":{"line":9,"column":4},"end":{"line":11,"column":5}},{"start":{},"end":{}}],"line":9},"1":{"loc":{"start":{"line":24,"column":4},"end":{"line":26,"column":5}},"type":"if","locations":[{"start":{"line":24,"column":4},"end":{"line":26,"column":5}},{"start":{},"end":{}}],"line":24},"2":{"loc":{"start":{"line":36,"column":4},"end":{"line":38,"column":5}},"type":"if","locations":[{"start":{"line":36,"column":4},"end":{"line":38,"column":5}},{"start":{},"end":{}}],"line":36},"3":{"loc":{"start":{"line":36,"column":8},"end":{"line":36,"column":51}},"type":"binary-expr","locations":[{"start":{"line":36,"column":8},"end":{"line":36,"column":28}},{"start":{"line":36,"column":32},"end":{"line":36,"column":51}}],"line":36},"4":{"loc":{"start":{"line":40,"column":4},"end":{"line":42,"column":5}},"type":"if","locations":[{"start":{"line":40,"column":4},"end":{"line":42,"column":5}},{"start":{},"end":{}}],"line":40},"5":{"loc":{"start":{"line":40,"column":8},"end":{"line":40,"column":53}},"type":"binary-expr","locations":[{"start":{"line":40,"column":8},"end":{"line":40,"column":29}},{"start":{"line":40,"column":33},"end":{"line":40,"column":53}}],"line":40},"6":{"loc":{"start":{"line":49,"column":21},"end":{"line":49,"column":76}},"type":"binary-expr","locations":[{"start":{"line":49,"column":21},"end":{"line":49,"column":47}},{"start":{"line":49,"column":51},"end":{"line":49,"column":76}}],"line":49},"7":{"loc":{"start":{"line":50,"column":2},"end":{"line":52,"column":3}},"type":"if","locations":[{"start":{"line":50,"column":2},"end":{"line":52,"column":3}},{"start":{},"end":{}}],"line":50},"8":{"loc":{"start":{"line":54,"column":2},"end":{"line":56,"column":3}},"type":"if","locations":[{"start":{"line":54,"column":2},"end":{"line":56,"column":3}},{"start":{},"end":{}}],"line":54},"9":{"loc":{"start":{"line":57,"column":9},"end":{"line":57,"column":53}},"type":"binary-expr","locations":[{"start":{"line":57,"column":10},"end":{"line":57,"column":20}},{"start":{"line":57,"column":24},"end":{"line":57,"column":30}},{"start":{"line":57,"column":35},"end":{"line":57,"column":53}}],"line":57},"10":{"loc":{"start":{"line":65,"column":59},"end":{"line":65,"column":88}},"type":"binary-expr","locations":[{"start":{"line":65,"column":59},"end":{"line":65,"column":66}},{"start":{"line":65,"column":70},"end":{"line":65,"column":88}}],"line":65}},"s":{"0":34,"1":205,"2":92,"3":11,"4":1,"5":10,"6":34,"7":34,"8":34,"9":34,"10":34,"11":34,"12":34,"13":34,"14":22,"15":4,"16":1,"17":3,"18":34,"19":34,"20":21,"21":10,"22":10,"23":5,"24":5,"25":1,"26":4,"27":34,"28":5,"29":5,"30":1,"31":5,"32":5,"33":1,"34":5,"35":34,"36":15,"37":34,"38":6,"39":34,"40":3},"f":{"0":205,"1":92,"2":11,"3":34,"4":22,"5":4,"6":21,"7":10,"8":5,"9":15,"10":6,"11":3},"b":{"0":[1,10],"1":[1,3],"2":[5,5],"3":[10,8],"4":[1,4],"5":[5,4],"6":[5,4],"7":[1,4],"8":[1,4],"9":[5,4,2],"10":[3,3]},"_coverageSchema":"1a1c01bbd47fc00a2c39e90264f33305004495a9","hash":"0e668686ab38563f1c48dabd489b7470db6bf7ca"}
}
