TN:
SF:src\App.tsx
FN:17,App
FN:34,(anonymous_1)
FNF:2
FNH:2
FNDA:10,App
FNDA:4,(anonymous_1)
DA:18,10
DA:19,10
DA:21,10
DA:22,4
DA:23,4
DA:24,3
DA:25,3
DA:27,1
DA:31,10
DA:32,10
DA:34,10
DA:35,4
DA:36,1
DA:37,1
DA:40,4
DA:41,1
DA:45,10
DA:46,7
DA:49,3
LF:19
LH:19
BRDA:21,0,0,4
BRDA:21,0,1,6
BRDA:22,1,0,4
BRDA:22,1,1,1
BRDA:23,2,0,3
BRDA:23,2,1,1
BRDA:35,3,0,1
BRDA:35,3,1,3
BRDA:35,4,0,4
BRDA:35,4,1,2
BRDA:35,4,2,1
BRDA:40,5,0,1
BRDA:40,5,1,3
BRDA:40,6,0,4
BRDA:40,6,1,2
BRDA:40,6,2,1
BRDA:45,7,0,7
BRDA:45,7,1,3
BRF:18
BRH:18
end_of_record
TN:
SF:src\firebase.ts
FNF:0
FNH:0
DA:3,0
DA:13,0
LF:2
LH:0
BRF:0
BRH:0
end_of_record
TN:
SF:src\index.tsx
FN:24,(anonymous_0)
FNF:1
FNH:0
FNDA:0,(anonymous_0)
DA:15,0
DA:24,0
DA:25,0
DA:37,0
LF:4
LH:0
BRF:0
BRH:0
end_of_record
TN:
SF:src\__tests__\mocks\comment.mock.ts
FNF:0
FNH:0
DA:4,1
DA:12,1
DA:20,1
LF:3
LH:3
BRF:0
BRH:0
end_of_record
TN:
SF:src\__tests__\mocks\post.mock.ts
FNF:0
FNH:0
DA:4,2
DA:12,2
DA:20,2
DA:28,2
LF:4
LH:4
BRF:0
BRH:0
end_of_record
TN:
SF:src\__tests__\mocks\store.mock.ts
FNF:0
FNH:0
DA:4,9
DA:303,9
DA:319,9
DA:320,9
DA:321,9
DA:322,9
DA:324,9
DA:325,9
LF:8
LH:8
BRF:0
BRH:0
end_of_record
TN:
SF:src\__tests__\mocks\user.mock.ts
FNF:0
FNH:0
DA:3,8
DA:11,8
DA:19,8
DA:26,8
DA:46,8
DA:55,8
LF:6
LH:6
BRF:0
BRH:0
end_of_record
TN:
SF:src\__tests__\mocks\utils.ts
FN:5,(anonymous_0)
FN:6,(anonymous_1)
FN:7,(anonymous_2)
FNF:3
FNH:3
FNDA:12,(anonymous_0)
FNDA:12,(anonymous_1)
FNDA:12,(anonymous_2)
DA:3,5
DA:5,5
DA:6,12
DA:7,12
DA:8,12
LF:5
LH:5
BRDA:5,0,0,12
BRF:1
BRH:1
end_of_record
TN:
SF:src\components\app-list\AppList.tsx
FN:52,AppList
FNF:1
FNH:1
FNDA:18,AppList
DA:11,8
DA:62,18
DA:85,8
DA:87,8
LF:4
LH:4
BRDA:60,0,0,0
BRDA:64,1,0,8
BRDA:64,1,1,10
BRDA:65,2,0,5
BRDA:65,2,1,13
BRF:5
BRH:4
end_of_record
TN:
SF:src\components\auth\Auth.tsx
FN:19,Auth
FNF:1
FNH:1
FNDA:3,Auth
DA:28,3
DA:29,3
DA:30,3
DA:32,3
DA:58,5
LF:5
LH:5
BRDA:22,0,0,0
BRDA:34,1,0,2
BRDA:34,1,1,1
BRF:3
BRH:2
end_of_record
TN:
SF:src\components\comment\Comment.tsx
FN:12,Comment
FNF:1
FNH:1
FNDA:11,Comment
DA:13,11
DA:14,11
DA:15,11
DA:16,11
DA:18,11
LF:5
LH:5
BRF:0
BRH:0
end_of_record
TN:
SF:src\components\connected-auth\ConnectedAuth.tsx
FN:7,ConnectedAuth
FN:12,(anonymous_1)
FNF:2
FNH:2
FNDA:1,ConnectedAuth
FNDA:1,(anonymous_1)
DA:8,1
DA:9,1
DA:10,1
DA:12,1
DA:13,1
DA:16,1
LF:6
LH:6
BRF:0
BRH:0
end_of_record
TN:
SF:src\components\content-layout\ContentLayout.tsx
FN:19,ContentLayout
FNF:1
FNH:1
FNDA:27,ContentLayout
DA:20,27
DA:29,10
LF:2
LH:2
BRDA:22,0,0,13
BRDA:22,0,1,14
BRDA:24,1,0,27
BRDA:24,1,1,1
BRF:4
BRH:4
end_of_record
TN:
SF:src\components\custom-link\CustomLink.tsx
FN:10,CustomLink
FNF:1
FNH:1
FNDA:194,CustomLink
DA:11,194
DA:19,20
LF:2
LH:2
BRDA:10,0,0,0
BRDA:10,1,0,0
BRF:2
BRH:0
end_of_record
TN:
SF:src\components\edit-form\EditForm.tsx
FN:27,(anonymous_0)
FN:36,EditForm
FN:36,(anonymous_2)
FN:42,(anonymous_3)
FN:43,(anonymous_4)
FN:57,(anonymous_5)
FN:67,(anonymous_6)
FN:69,(anonymous_7)
FN:72,(anonymous_8)
FN:158,(anonymous_9)
FNF:10
FNH:5
FNDA:0,(anonymous_0)
FNDA:9,EditForm
FNDA:0,(anonymous_2)
FNDA:0,(anonymous_3)
FNDA:0,(anonymous_4)
FNDA:6,(anonymous_5)
FNDA:3,(anonymous_6)
FNDA:3,(anonymous_7)
FNDA:1,(anonymous_8)
FNDA:0,(anonymous_9)
DA:27,5
DA:28,0
DA:29,0
DA:31,0
DA:33,5
DA:34,5
DA:37,9
DA:38,9
DA:42,9
DA:43,0
DA:44,0
DA:45,0
DA:55,9
DA:56,9
DA:57,6
DA:67,9
DA:68,3
DA:69,3
DA:72,9
DA:73,1
DA:74,1
DA:84,1
DA:87,9
DA:156,5
LF:24
LH:18
BRDA:28,0,0,0
BRDA:28,0,1,0
BRDA:31,1,0,0
BRDA:31,1,1,0
BRDA:36,2,0,0
BRDA:40,3,0,9
BRDA:40,3,1,5
BRDA:44,4,0,0
BRDA:44,4,1,0
BRDA:44,5,0,0
BRDA:44,5,1,0
BRDA:59,6,0,6
BRDA:59,6,1,3
BRDA:78,7,0,1
BRDA:78,7,1,0
BRDA:78,7,2,0
BRDA:109,8,0,4
BRDA:109,8,1,5
BRF:18
BRH:7
end_of_record
TN:
SF:src\components\footer\Footer.tsx
FN:6,Footer
FNF:1
FNH:1
FNDA:1,Footer
DA:7,1
LF:1
LH:1
BRF:0
BRH:0
end_of_record
TN:
SF:src\components\header\Header.tsx
FN:7,Header
FNF:1
FNH:1
FNDA:1,Header
DA:8,1
LF:1
LH:1
BRF:0
BRH:0
end_of_record
TN:
SF:src\components\lang-selector\LangSelector.tsx
FN:5,LangSelector
FN:8,(anonymous_1)
FNF:2
FNH:2
FNDA:2,LangSelector
FNDA:1,(anonymous_1)
DA:6,2
DA:8,2
DA:9,1
DA:12,2
LF:4
LH:4
BRF:0
BRH:0
end_of_record
TN:
SF:src\components\linked-avatar\LinkedAvatar.tsx
FN:6,LinkedAvatar
FNF:1
FNH:1
FNDA:55,LinkedAvatar
DA:7,55
LF:1
LH:1
BRF:0
BRH:0
end_of_record
TN:
SF:src\components\loading\Loading.tsx
FN:9,Loading
FNF:1
FNH:1
FNDA:53,Loading
DA:10,53
LF:1
LH:1
BRDA:12,0,0,53
BRDA:12,0,1,3
BRF:2
BRH:2
end_of_record
TN:
SF:src\components\login-form\LoginForm.tsx
FN:17,LoginForm
FN:17,(anonymous_1)
FN:21,(anonymous_2)
FN:53,(anonymous_3)
FNF:4
FNH:2
FNDA:7,LoginForm
FNDA:0,(anonymous_1)
FNDA:1,(anonymous_2)
FNDA:0,(anonymous_3)
DA:15,5
DA:18,7
DA:19,7
DA:21,7
DA:22,1
DA:25,7
DA:51,5
LF:7
LH:7
BRDA:17,0,0,0
BRF:1
BRH:0
end_of_record
TN:
SF:src\components\logo\Logo.tsx
FN:7,Logo
FNF:1
FNH:1
FNDA:1,Logo
DA:8,1
LF:1
LH:1
BRF:0
BRH:0
end_of_record
TN:
SF:src\components\main-layout\MainLayout.tsx
FN:7,MainLayout
FNF:1
FNH:1
FNDA:1,MainLayout
DA:8,1
LF:1
LH:1
BRF:0
BRH:0
end_of_record
TN:
SF:src\components\menu\Menu.tsx
FN:13,Menu
FNF:1
FNH:1
FNDA:1,Menu
DA:9,4
DA:14,1
DA:16,1
LF:3
LH:3
BRF:0
BRH:0
end_of_record
TN:
SF:src\components\modal\Modal.tsx
FN:14,Modal
FN:14,(anonymous_1)
FN:15,(anonymous_2)
FN:34,(anonymous_3)
FNF:4
FNH:2
FNDA:12,Modal
FNDA:0,(anonymous_1)
FNDA:1,(anonymous_2)
FNDA:0,(anonymous_3)
DA:15,12
DA:16,1
DA:19,12
DA:32,6
LF:4
LH:4
BRDA:14,0,0,0
BRDA:20,1,0,9
BRDA:20,1,1,3
BRDA:27,2,0,12
BRDA:27,2,1,1
BRF:5
BRH:4
end_of_record
TN:
SF:src\components\post-card\PostCard.tsx
FN:18,PostCard
FN:35,(anonymous_1)
FN:56,(anonymous_2)
FNF:3
FNH:2
FNDA:50,PostCard
FNDA:0,(anonymous_1)
FNDA:1,(anonymous_2)
DA:19,50
DA:20,50
DA:21,50
DA:22,50
DA:23,50
DA:24,50
DA:26,50
DA:35,0
DA:53,7
LF:9
LH:8
BRDA:18,0,0,0
BRDA:18,1,0,0
BRDA:27,2,0,17
BRDA:27,2,1,33
BRDA:27,3,0,7
BRDA:27,3,1,43
BRDA:29,4,0,17
BRDA:29,4,1,33
BRDA:35,5,0,0
BRDA:35,5,1,0
BRDA:44,6,0,17
BRDA:44,6,1,33
BRDA:48,7,0,50
BRDA:48,7,1,7
BRDA:48,7,2,7
BRF:15
BRH:11
end_of_record
TN:
SF:src\components\reg-form\RegForm.tsx
FN:23,RegForm
FN:23,(anonymous_1)
FN:27,(anonymous_2)
FN:111,(anonymous_3)
FNF:4
FNH:2
FNDA:6,RegForm
FNDA:0,(anonymous_1)
FNDA:1,(anonymous_2)
FNDA:0,(anonymous_3)
DA:21,5
DA:24,6
DA:25,6
DA:27,6
DA:28,1
DA:29,1
DA:30,1
DA:35,1
DA:38,6
DA:109,5
LF:10
LH:10
BRDA:23,0,0,0
BRF:1
BRH:0
end_of_record
TN:
SF:src\components\routes\Routes.tsx
FN:23,Routes
FN:32,(anonymous_1)
FN:33,(anonymous_2)
FN:37,(anonymous_3)
FN:46,(anonymous_4)
FN:64,(anonymous_5)
FN:75,(anonymous_6)
FN:76,(anonymous_7)
FN:80,(anonymous_8)
FN:91,(anonymous_9)
FN:92,(anonymous_10)
FNF:11
FNH:11
FNDA:13,Routes
FNDA:2,(anonymous_1)
FNDA:1,(anonymous_2)
FNDA:1,(anonymous_3)
FNDA:2,(anonymous_4)
FNDA:1,(anonymous_5)
FNDA:1,(anonymous_6)
FNDA:1,(anonymous_7)
FNDA:1,(anonymous_8)
FNDA:2,(anonymous_9)
FNDA:1,(anonymous_10)
DA:24,13
DA:25,13
DA:27,13
DA:32,2
DA:33,1
DA:41,1
DA:51,2
DA:69,1
DA:75,1
DA:76,1
DA:85,1
DA:91,2
DA:92,1
LF:13
LH:13
BRDA:51,0,0,1
BRDA:51,0,1,1
BRF:2
BRH:2
end_of_record
TN:
SF:src\components\scroll-to-top\ScrollToTop.tsx
FN:4,ScrollToTop
FN:6,(anonymous_1)
FNF:2
FNH:2
FNDA:3,ScrollToTop
FNDA:2,(anonymous_1)
DA:5,3
DA:6,3
DA:7,2
DA:9,3
LF:4
LH:4
BRF:0
BRH:0
end_of_record
TN:
SF:src\components\submit-button\SubmitButton.tsx
FN:10,SubmitButton
FNF:1
FNH:1
FNDA:16,SubmitButton
DA:11,16
DA:18,10
LF:2
LH:2
BRF:0
BRH:0
end_of_record
TN:
SF:src\components\theme-switcher\ThemeSwitcher.tsx
FN:7,ThemeSwitcher
FN:12,(anonymous_1)
FNF:2
FNH:2
FNDA:4,ThemeSwitcher
FNDA:2,(anonymous_1)
DA:8,4
DA:9,4
DA:10,4
DA:12,4
DA:13,2
DA:15,2
DA:16,1
DA:18,1
DA:22,4
LF:9
LH:9
BRDA:15,0,0,1
BRDA:15,0,1,1
BRF:2
BRH:2
end_of_record
TN:
SF:src\components\upload-button\UploadButton.tsx
FN:9,UploadButton
FNF:1
FNH:1
FNDA:5,UploadButton
DA:7,6
DA:10,5
LF:2
LH:2
BRDA:12,0,0,0
BRDA:12,0,1,5
BRF:2
BRH:1
end_of_record
TN:
SF:src\components\user-card\UserCard.tsx
FN:11,UserCard
FN:21,(anonymous_1)
FNF:2
FNH:1
FNDA:20,UserCard
FNDA:0,(anonymous_1)
DA:12,20
DA:13,20
DA:15,20
DA:21,0
LF:4
LH:3
BRDA:17,0,0,1
BRDA:17,0,1,19
BRDA:21,1,0,0
BRDA:21,1,1,0
BRF:4
BRH:2
end_of_record
TN:
SF:src\components\user-preview\UserPreview.tsx
FN:16,UserPreview
FNF:1
FNH:1
FNDA:9,UserPreview
DA:17,9
DA:18,9
DA:19,9
DA:20,9
DA:22,9
LF:5
LH:5
BRDA:25,0,0,4
BRDA:25,0,1,5
BRDA:47,1,0,9
BRDA:47,1,1,1
BRF:4
BRH:4
end_of_record
TN:
SF:src\context\ThemeContext.tsx
FN:24,(anonymous_0)
FN:28,(anonymous_1)
FN:38,(anonymous_2)
FN:42,(anonymous_3)
FN:47,(anonymous_4)
FN:52,(anonymous_5)
FN:58,(anonymous_6)
FNF:7
FNH:6
FNDA:0,(anonymous_0)
FNDA:2,(anonymous_1)
FNDA:2,(anonymous_2)
FNDA:2,(anonymous_3)
FNDA:2,(anonymous_4)
FNDA:2,(anonymous_5)
FNDA:4,(anonymous_6)
DA:22,5
DA:29,2
DA:31,2
DA:35,2
DA:39,2
DA:40,2
DA:42,2
DA:43,2
DA:48,2
DA:49,2
DA:50,2
DA:52,2
DA:53,2
DA:55,2
DA:59,4
DA:60,4
DA:62,4
LF:17
LH:17
BRDA:40,0,0,2
BRDA:40,0,1,2
BRF:2
BRH:2
end_of_record
TN:
SF:src\enums\index.ts
FNF:0
FNH:0
LF:0
LH:0
BRF:0
BRH:0
end_of_record
TN:
SF:src\enums\routes.ts
FNF:0
FNH:0
LF:0
LH:0
BRF:0
BRH:0
end_of_record
TN:
SF:src\enums\server.ts
FNF:0
FNH:0
LF:0
LH:0
BRF:0
BRH:0
end_of_record
TN:
SF:src\forms\edit\Edit.tsx
FN:11,Edit
FN:19,(anonymous_1)
FN:25,(anonymous_2)
FNF:3
FNH:3
FNDA:3,Edit
FNDA:2,(anonymous_1)
FNDA:1,(anonymous_2)
DA:12,3
DA:13,3
DA:14,3
DA:15,3
DA:16,3
DA:18,3
DA:19,3
DA:20,2
DA:21,2
DA:22,2
DA:25,3
DA:26,1
DA:27,1
DA:30,3
LF:14
LH:14
BRF:0
BRH:0
end_of_record
TN:
SF:src\forms\login\Login.tsx
FN:11,Login
FN:21,(anonymous_1)
FN:25,(anonymous_2)
FN:32,(anonymous_3)
FN:32,(anonymous_4)
FNF:5
FNH:5
FNDA:4,Login
FNDA:1,(anonymous_1)
FNDA:3,(anonymous_2)
FNDA:3,(anonymous_3)
FNDA:1,(anonymous_4)
DA:12,4
DA:13,4
DA:14,4
DA:15,4
DA:16,4
DA:17,4
DA:18,4
DA:19,4
DA:21,4
DA:22,1
DA:25,4
DA:26,3
DA:27,1
DA:31,4
DA:32,3
DA:33,1
DA:38,4
LF:17
LH:17
BRDA:26,0,0,1
BRDA:26,0,1,2
BRF:2
BRH:2
end_of_record
TN:
SF:src\forms\page-error\PageError.tsx
FN:9,PageError
FNF:1
FNH:1
FNDA:4,PageError
DA:10,4
LF:1
LH:1
BRF:0
BRH:0
end_of_record
TN:
SF:src\forms\post\Post.tsx
FN:17,Post
FN:33,(anonymous_1)
FN:38,(anonymous_2)
FN:44,(anonymous_3)
FN:48,(anonymous_4)
FN:53,(anonymous_5)
FN:53,(anonymous_6)
FN:62,(anonymous_7)
FN:70,(anonymous_8)
FNF:9
FNH:9
FNDA:5,Post
FNDA:1,(anonymous_1)
FNDA:1,(anonymous_2)
FNDA:3,(anonymous_3)
FNDA:3,(anonymous_4)
FNDA:3,(anonymous_5)
FNDA:1,(anonymous_6)
FNDA:5,(anonymous_7)
FNDA:16,(anonymous_8)
DA:18,5
DA:20,5
DA:21,5
DA:22,5
DA:23,5
DA:24,5
DA:26,5
DA:27,5
DA:28,5
DA:29,5
DA:30,5
DA:31,5
DA:33,5
DA:34,1
DA:37,5
DA:38,5
DA:39,1
DA:40,1
DA:41,1
DA:44,5
DA:45,3
DA:48,5
DA:49,3
DA:52,5
DA:53,3
DA:54,1
DA:55,1
DA:56,1
DA:57,1
DA:62,5
DA:63,5
DA:71,16
DA:79,5
LF:33
LH:33
BRDA:83,0,0,5
BRDA:83,0,1,5
BRDA:84,1,0,5
BRDA:84,1,1,5
BRF:4
BRH:4
end_of_record
TN:
SF:src\forms\posts\Posts.tsx
FN:11,Posts
FN:22,(anonymous_1)
FN:27,(anonymous_2)
FN:27,(anonymous_3)
FN:34,(anonymous_4)
FN:47,(anonymous_5)
FNF:6
FNH:6
FNDA:4,Posts
FNDA:2,(anonymous_1)
FNDA:2,(anonymous_2)
FNDA:1,(anonymous_3)
FNDA:1,(anonymous_4)
FNDA:36,(anonymous_5)
DA:12,4
DA:13,4
DA:14,4
DA:15,4
DA:16,4
DA:17,4
DA:18,4
DA:19,4
DA:20,4
DA:22,4
DA:23,2
DA:26,4
DA:27,2
DA:28,1
DA:29,1
DA:34,4
DA:35,1
DA:38,4
DA:48,36
LF:19
LH:19
BRF:0
BRH:0
end_of_record
TN:
SF:src\forms\profile\Profile.tsx
FN:18,Profile
FN:37,(anonymous_1)
FN:41,(anonymous_2)
FN:46,(anonymous_3)
FN:46,(anonymous_4)
FN:55,(anonymous_5)
FN:73,(anonymous_6)
FNF:7
FNH:7
FNDA:5,Profile
FNDA:2,(anonymous_1)
FNDA:2,(anonymous_2)
FNDA:2,(anonymous_3)
FNDA:1,(anonymous_4)
FNDA:1,(anonymous_5)
FNDA:21,(anonymous_6)
DA:19,5
DA:20,5
DA:21,5
DA:22,5
DA:23,5
DA:24,5
DA:25,5
DA:26,5
DA:27,5
DA:28,5
DA:29,5
DA:31,5
DA:32,5
DA:34,5
DA:35,5
DA:37,5
DA:38,2
DA:41,5
DA:42,2
DA:45,5
DA:46,2
DA:47,1
DA:48,1
DA:49,1
DA:50,1
DA:55,5
DA:56,1
DA:59,5
DA:74,21
LF:29
LH:29
BRDA:64,0,0,5
BRDA:64,0,1,5
BRDA:65,1,0,5
BRDA:65,1,1,5
BRDA:67,2,0,5
BRDA:67,2,1,5
BRF:6
BRH:6
end_of_record
TN:
SF:src\forms\registration\Registration.tsx
FN:12,Registration
FN:22,(anonymous_1)
FN:28,(anonymous_2)
FN:33,(anonymous_3)
FN:33,(anonymous_4)
FNF:5
FNH:5
FNDA:3,Registration
FNDA:2,(anonymous_1)
FNDA:1,(anonymous_2)
FNDA:2,(anonymous_3)
FNDA:1,(anonymous_4)
DA:13,3
DA:14,3
DA:15,3
DA:16,3
DA:17,3
DA:18,3
DA:19,3
DA:20,3
DA:22,3
DA:23,2
DA:24,1
DA:28,3
DA:29,1
DA:32,3
DA:33,2
DA:34,1
DA:39,3
LF:17
LH:17
BRDA:23,0,0,1
BRDA:23,0,1,1
BRF:2
BRH:2
end_of_record
TN:
SF:src\forms\users\Users.tsx
FN:12,Users
FN:23,(anonymous_1)
FN:28,(anonymous_2)
FN:28,(anonymous_3)
FN:35,(anonymous_4)
FN:48,(anonymous_5)
FNF:6
FNH:6
FNDA:3,Users
FNDA:2,(anonymous_1)
FNDA:2,(anonymous_2)
FNDA:1,(anonymous_3)
FNDA:1,(anonymous_4)
FNDA:30,(anonymous_5)
DA:13,3
DA:14,3
DA:15,3
DA:16,3
DA:17,3
DA:18,3
DA:19,3
DA:20,3
DA:21,3
DA:23,3
DA:24,2
DA:27,3
DA:28,2
DA:29,1
DA:30,1
DA:35,3
DA:36,1
DA:39,3
DA:49,30
LF:19
LH:19
BRF:0
BRH:0
end_of_record
TN:
SF:src\hooks\use-app-dispatch.ts
FN:4,(anonymous_0)
FNF:1
FNH:1
FNDA:28,(anonymous_0)
DA:4,28
LF:1
LH:1
BRF:0
BRH:0
end_of_record
TN:
SF:src\hooks\use-app-selector.ts
FNF:0
FNH:0
DA:4,12
LF:1
LH:1
BRF:0
BRH:0
end_of_record
TN:
SF:src\hooks\use-app-translation.ts
FN:3,(anonymous_0)
FNF:1
FNH:1
FNDA:72,(anonymous_0)
DA:3,72
LF:1
LH:1
BRF:0
BRH:0
end_of_record
TN:
SF:src\locale\i18next.ts
FNF:0
FNH:0
DA:8,34
LF:1
LH:1
BRF:0
BRH:0
end_of_record
TN:
SF:src\locale\en\auth.ts
FNF:0
FNH:0
DA:1,34
LF:1
LH:1
BRF:0
BRH:0
end_of_record
TN:
SF:src\locale\en\edit-form.ts
FNF:0
FNH:0
DA:1,34
LF:1
LH:1
BRF:0
BRH:0
end_of_record
TN:
SF:src\locale\en\error.ts
FNF:0
FNH:0
DA:1,34
LF:1
LH:1
BRF:0
BRH:0
end_of_record
TN:
SF:src\locale\en\index.ts
FNF:0
FNH:0
DA:10,34
LF:1
LH:1
BRF:0
BRH:0
end_of_record
TN:
SF:src\locale\en\login-form.ts
FNF:0
FNH:0
DA:1,34
LF:1
LH:1
BRF:0
BRH:0
end_of_record
TN:
SF:src\locale\en\menu.ts
FNF:0
FNH:0
DA:1,34
LF:1
LH:1
BRF:0
BRH:0
end_of_record
TN:
SF:src\locale\en\profile.ts
FNF:0
FNH:0
DA:1,34
LF:1
LH:1
BRF:0
BRH:0
end_of_record
TN:
SF:src\locale\en\reg-form.ts
FNF:0
FNH:0
DA:1,34
LF:1
LH:1
BRF:0
BRH:0
end_of_record
TN:
SF:src\locale\en\theme.ts
FNF:0
FNH:0
DA:1,34
LF:1
LH:1
BRF:0
BRH:0
end_of_record
TN:
SF:src\locale\ru\auth.ts
FNF:0
FNH:0
DA:1,34
LF:1
LH:1
BRF:0
BRH:0
end_of_record
TN:
SF:src\locale\ru\edit-form.ts
FNF:0
FNH:0
DA:1,34
LF:1
LH:1
BRF:0
BRH:0
end_of_record
TN:
SF:src\locale\ru\error.ts
FNF:0
FNH:0
DA:1,34
LF:1
LH:1
BRF:0
BRH:0
end_of_record
TN:
SF:src\locale\ru\index.ts
FNF:0
FNH:0
DA:10,34
LF:1
LH:1
BRF:0
BRH:0
end_of_record
TN:
SF:src\locale\ru\login-form.ts
FNF:0
FNH:0
DA:1,34
LF:1
LH:1
BRF:0
BRH:0
end_of_record
TN:
SF:src\locale\ru\menu.ts
FNF:0
FNH:0
DA:1,34
LF:1
LH:1
BRF:0
BRH:0
end_of_record
TN:
SF:src\locale\ru\profile.ts
FNF:0
FNH:0
DA:1,34
LF:1
LH:1
BRF:0
BRH:0
end_of_record
TN:
SF:src\locale\ru\reg-form.ts
FNF:0
FNH:0
DA:1,34
LF:1
LH:1
BRF:0
BRH:0
end_of_record
TN:
SF:src\locale\ru\theme.ts
FNF:0
FNH:0
DA:1,34
LF:1
LH:1
BRF:0
BRH:0
end_of_record
TN:
SF:src\server\cofigure-api.ts
FN:3,(anonymous_0)
FNF:1
FNH:1
FNDA:1,(anonymous_0)
DA:3,1
DA:4,1
LF:2
LH:2
BRF:0
BRH:0
end_of_record
TN:
SF:src\store\index.ts
FNF:0
FNH:0
DA:12,0
DA:13,0
DA:21,0
LF:3
LH:0
BRF:0
BRH:0
end_of_record
TN:
SF:src\store\name-space.ts
FNF:0
FNH:0
LF:0
LH:0
BRF:0
BRH:0
end_of_record
TN:
SF:src\store\auth\actions.ts
FN:4,(anonymous_0)
FN:13,(anonymous_1)
FNF:2
FNH:2
FNDA:2,(anonymous_0)
FNDA:4,(anonymous_1)
DA:4,10
DA:13,10
DA:14,4
DA:16,4
DA:21,10
LF:5
LH:5
BRF:0
BRH:0
end_of_record
TN:
SF:src\store\auth\index.ts
FNF:0
FNH:0
LF:0
LH:0
BRF:0
BRH:0
end_of_record
TN:
SF:src\store\auth\operations.ts
FN:9,(anonymous_0)
FN:9,(anonymous_1)
FN:14,(anonymous_2)
FN:19,(anonymous_3)
FN:30,(anonymous_4)
FN:30,(anonymous_5)
FN:35,(anonymous_6)
FN:40,(anonymous_7)
FN:51,(anonymous_8)
FN:51,(anonymous_9)
FN:56,(anonymous_10)
FN:61,(anonymous_11)
FNF:12
FNH:12
FNDA:4,(anonymous_0)
FNDA:3,(anonymous_1)
FNDA:1,(anonymous_2)
FNDA:2,(anonymous_3)
FNDA:1,(anonymous_4)
FNDA:3,(anonymous_5)
FNDA:1,(anonymous_6)
FNDA:2,(anonymous_7)
FNDA:1,(anonymous_8)
FNDA:2,(anonymous_9)
FNDA:1,(anonymous_10)
FNDA:1,(anonymous_11)
DA:9,10
DA:10,3
DA:12,3
DA:15,1
DA:16,1
DA:17,1
DA:20,2
DA:21,1
DA:22,1
DA:24,1
DA:27,3
DA:30,10
DA:31,3
DA:33,3
DA:36,1
DA:37,1
DA:38,1
DA:41,2
DA:42,1
DA:44,1
DA:48,3
DA:51,10
DA:52,2
DA:54,2
DA:57,1
DA:58,1
DA:59,1
DA:62,1
DA:65,2
LF:29
LH:29
BRDA:15,0,0,1
BRDA:15,0,1,0
BRDA:20,1,0,1
BRDA:20,1,1,1
BRDA:36,2,0,1
BRDA:36,2,1,0
BRDA:41,3,0,1
BRDA:41,3,1,1
BRDA:41,4,0,2
BRDA:41,4,1,1
BRDA:57,5,0,1
BRDA:57,5,1,0
BRF:12
BRH:9
end_of_record
TN:
SF:src\store\auth\reducers.ts
FN:14,(anonymous_0)
FN:33,(anonymous_1)
FNF:2
FNH:2
FNDA:23,(anonymous_0)
FNDA:23,(anonymous_1)
DA:14,10
DA:15,23
DA:17,1
DA:20,1
DA:23,21
DA:32,10
DA:33,10
DA:34,23
DA:36,1
DA:39,1
DA:42,21
DA:46,10
DA:47,10
LF:13
LH:13
BRDA:14,0,0,22
BRDA:15,1,0,1
BRDA:15,1,1,1
BRDA:15,1,2,21
BRDA:33,2,0,22
BRDA:34,3,0,1
BRDA:34,3,1,1
BRDA:34,3,2,21
BRF:8
BRH:8
end_of_record
TN:
SF:src\store\auth\selectors.ts
FN:5,(anonymous_0)
FN:7,(anonymous_1)
FN:8,(anonymous_2)
FN:10,(anonymous_3)
FN:11,(anonymous_4)
FN:12,(anonymous_5)
FN:14,(anonymous_6)
FN:15,(anonymous_7)
FN:17,(anonymous_8)
FN:18,(anonymous_9)
FNF:10
FNH:9
FNDA:65,(anonymous_0)
FNDA:35,(anonymous_1)
FNDA:8,(anonymous_2)
FNDA:15,(anonymous_3)
FNDA:10,(anonymous_4)
FNDA:10,(anonymous_5)
FNDA:8,(anonymous_6)
FNDA:0,(anonymous_7)
FNDA:22,(anonymous_8)
FNDA:21,(anonymous_9)
DA:5,65
DA:7,35
DA:8,10
DA:10,15
DA:11,10
DA:12,10
DA:14,10
DA:15,10
DA:17,22
DA:18,21
LF:10
LH:10
BRF:0
BRH:0
end_of_record
TN:
SF:src\store\auth\types.ts
FNF:0
FNH:0
DA:3,10
DA:4,10
DA:6,10
LF:3
LH:3
BRF:0
BRH:0
end_of_record
TN:
SF:src\store\auth\slices\fetch.ts
FNF:0
FNH:0
DA:4,10
DA:5,10
DA:6,10
DA:7,10
LF:4
LH:4
BRF:0
BRH:0
end_of_record
TN:
SF:src\store\hor\create-fetch-reducer.ts
FN:18,(anonymous_0)
FN:25,(anonymous_1)
FN:30,(anonymous_2)
FN:34,(anonymous_3)
FN:39,(anonymous_4)
FN:43,(anonymous_5)
FN:61,(anonymous_6)
FN:95,(anonymous_7)
FN:96,(anonymous_8)
FN:97,(anonymous_9)
FN:98,(anonymous_10)
FNF:11
FNH:11
FNDA:47,(anonymous_0)
FNDA:4,(anonymous_1)
FNDA:2,(anonymous_2)
FNDA:2,(anonymous_3)
FNDA:2,(anonymous_4)
FNDA:18,(anonymous_5)
FNDA:158,(anonymous_6)
FNDA:1,(anonymous_7)
FNDA:43,(anonymous_8)
FNDA:38,(anonymous_9)
FNDA:38,(anonymous_10)
DA:18,16
DA:19,47
DA:20,47
DA:21,47
DA:22,47
DA:23,47
DA:25,47
DA:30,47
DA:34,47
DA:39,47
DA:43,47
DA:47,47
DA:55,47
DA:61,47
DA:62,158
DA:64,2
DA:70,1
DA:75,1
DA:81,1
DA:84,1
DA:85,1
DA:91,152
DA:95,47
DA:96,47
DA:97,47
DA:98,47
DA:99,47
DA:106,47
LF:28
LH:28
BRDA:27,0,0,4
BRDA:27,0,1,2
BRDA:61,1,0,157
BRDA:62,2,0,2
BRDA:62,2,1,1
BRDA:62,2,2,1
BRDA:62,2,3,1
BRDA:62,2,4,1
BRDA:62,2,5,152
BRF:9
BRH:9
end_of_record
TN:
SF:src\store\hor\create-item-reducer.ts
FN:7,(anonymous_0)
FN:11,(anonymous_1)
FN:16,(anonymous_2)
FN:25,(anonymous_3)
FN:37,(anonymous_4)
FNF:5
FNH:5
FNDA:15,(anonymous_0)
FNDA:2,(anonymous_1)
FNDA:6,(anonymous_2)
FNDA:31,(anonymous_3)
FNDA:13,(anonymous_4)
DA:7,16
DA:8,15
DA:9,15
DA:11,15
DA:16,15
DA:20,15
DA:25,15
DA:26,31
DA:27,1
DA:30,30
DA:31,1
DA:34,29
DA:37,15
DA:38,15
DA:42,15
LF:15
LH:15
BRDA:25,0,0,29
BRDA:26,1,0,1
BRDA:26,1,1,30
BRDA:30,2,0,1
BRDA:30,2,1,29
BRF:5
BRH:5
end_of_record
TN:
SF:src\store\hor\create-list-reducer.ts
FN:10,(anonymous_0)
FN:15,(anonymous_1)
FN:23,(anonymous_2)
FN:28,(anonymous_3)
FN:44,(anonymous_4)
FN:63,(anonymous_5)
FN:64,(anonymous_6)
FN:65,(anonymous_7)
FNF:8
FNH:8
FNDA:23,(anonymous_0)
FNDA:2,(anonymous_1)
FNDA:10,(anonymous_2)
FNDA:10,(anonymous_3)
FNDA:48,(anonymous_4)
FNDA:17,(anonymous_5)
FNDA:17,(anonymous_6)
FNDA:17,(anonymous_7)
DA:10,16
DA:11,23
DA:12,23
DA:13,23
DA:15,23
DA:23,23
DA:28,23
DA:32,23
DA:38,23
DA:44,23
DA:45,48
DA:47,1
DA:53,1
DA:56,1
DA:59,45
DA:63,23
DA:64,23
DA:65,23
DA:66,23
DA:72,23
LF:20
LH:20
BRDA:41,0,0,23
BRDA:41,0,1,1
BRDA:44,1,0,48
BRDA:45,2,0,1
BRDA:45,2,1,1
BRDA:45,2,2,1
BRDA:45,2,3,45
BRF:7
BRH:7
end_of_record
TN:
SF:src\store\hor\index.ts
FNF:0
FNH:0
LF:0
LH:0
BRF:0
BRH:0
end_of_record
TN:
SF:src\store\post\actions.ts
FNF:0
FNH:0
DA:5,4
LF:1
LH:1
BRF:0
BRH:0
end_of_record
TN:
SF:src\store\post\index.ts
FNF:0
FNH:0
LF:0
LH:0
BRF:0
BRH:0
end_of_record
TN:
SF:src\store\post\operations.ts
FN:8,(anonymous_0)
FN:8,(anonymous_1)
FN:13,(anonymous_2)
FN:17,(anonymous_3)
FN:28,(anonymous_4)
FN:28,(anonymous_5)
FN:35,(anonymous_6)
FN:39,(anonymous_7)
FNF:8
FNH:0
FNDA:0,(anonymous_0)
FNDA:0,(anonymous_1)
FNDA:0,(anonymous_2)
FNDA:0,(anonymous_3)
FNDA:0,(anonymous_4)
FNDA:0,(anonymous_5)
FNDA:0,(anonymous_6)
FNDA:0,(anonymous_7)
DA:8,4
DA:9,0
DA:11,0
DA:14,0
DA:15,0
DA:18,0
DA:19,0
DA:21,0
DA:24,0
DA:28,4
DA:29,0
DA:31,0
DA:36,0
DA:37,0
DA:40,0
DA:41,0
DA:45,0
DA:48,0
LF:18
LH:2
BRDA:18,0,0,0
BRDA:18,0,1,0
BRDA:40,1,0,0
BRDA:40,1,1,0
BRF:4
BRH:0
end_of_record
TN:
SF:src\store\post\reducers.ts
FNF:0
FNH:0
DA:9,4
DA:10,4
LF:2
LH:2
BRF:0
BRH:0
end_of_record
TN:
SF:src\store\post\selectors.ts
FN:7,(anonymous_0)
FN:9,(anonymous_1)
FN:10,(anonymous_2)
FN:11,(anonymous_3)
FN:13,(anonymous_4)
FN:15,(anonymous_5)
FN:16,(anonymous_6)
FN:17,(anonymous_7)
FN:19,(anonymous_8)
FN:21,(anonymous_9)
FN:23,(anonymous_10)
FN:26,(anonymous_11)
FN:28,(anonymous_12)
FN:30,(anonymous_13)
FNF:14
FNH:14
FNDA:50,(anonymous_0)
FNDA:30,(anonymous_1)
FNDA:5,(anonymous_2)
FNDA:15,(anonymous_3)
FNDA:5,(anonymous_4)
FNDA:5,(anonymous_5)
FNDA:5,(anonymous_6)
FNDA:5,(anonymous_7)
FNDA:5,(anonymous_8)
FNDA:5,(anonymous_9)
FNDA:5,(anonymous_10)
FNDA:5,(anonymous_11)
FNDA:5,(anonymous_12)
FNDA:5,(anonymous_13)
DA:7,50
DA:9,30
DA:10,5
DA:11,15
DA:13,5
DA:15,5
DA:16,5
DA:17,5
DA:19,4
DA:20,5
DA:21,4
DA:22,5
DA:23,4
DA:24,5
DA:26,4
DA:27,5
DA:28,4
DA:29,5
DA:30,4
DA:31,5
LF:20
LH:20
BRDA:19,0,0,5
BRDA:21,1,0,5
BRDA:23,2,0,5
BRDA:26,3,0,5
BRDA:28,4,0,5
BRDA:30,5,0,5
BRF:6
BRH:6
end_of_record
TN:
SF:src\store\post\slices\fetch.ts
FNF:0
FNH:0
DA:10,4
DA:11,4
DA:12,4
DA:13,4
DA:15,4
DA:16,4
DA:17,4
DA:18,4
DA:20,4
DA:25,4
DA:30,4
LF:11
LH:11
BRF:0
BRH:0
end_of_record
TN:
SF:src\store\post\slices\item.ts
FNF:0
FNH:0
DA:6,4
DA:7,4
DA:8,4
DA:9,4
LF:4
LH:4
BRF:0
BRH:0
end_of_record
TN:
SF:src\store\post\slices\list.ts
FNF:0
FNH:0
DA:6,4
DA:7,4
DA:8,4
DA:9,4
LF:4
LH:4
BRF:0
BRH:0
end_of_record
TN:
SF:src\store\posts\actions.ts
FNF:0
FNH:0
DA:4,4
LF:1
LH:1
BRF:0
BRH:0
end_of_record
TN:
SF:src\store\posts\index.ts
FNF:0
FNH:0
LF:0
LH:0
BRF:0
BRH:0
end_of_record
TN:
SF:src\store\posts\operations.ts
FN:6,(anonymous_0)
FN:6,(anonymous_1)
FN:13,(anonymous_2)
FN:17,(anonymous_3)
FNF:4
FNH:0
FNDA:0,(anonymous_0)
FNDA:0,(anonymous_1)
FNDA:0,(anonymous_2)
FNDA:0,(anonymous_3)
DA:6,4
DA:7,0
DA:9,0
DA:14,0
DA:15,0
DA:18,0
DA:20,0
LF:7
LH:1
BRF:0
BRH:0
end_of_record
TN:
SF:src\store\posts\reducers.ts
FNF:0
FNH:0
DA:8,4
LF:1
LH:1
BRF:0
BRH:0
end_of_record
TN:
SF:src\store\posts\selectors.ts
FN:6,(anonymous_0)
FN:8,(anonymous_1)
FN:9,(anonymous_2)
FN:11,(anonymous_3)
FN:12,(anonymous_4)
FN:13,(anonymous_5)
FN:15,(anonymous_6)
FN:16,(anonymous_7)
FN:17,(anonymous_8)
FNF:9
FNH:9
FNDA:24,(anonymous_0)
FNDA:12,(anonymous_1)
FNDA:12,(anonymous_2)
FNDA:4,(anonymous_3)
FNDA:4,(anonymous_4)
FNDA:4,(anonymous_5)
FNDA:4,(anonymous_6)
FNDA:4,(anonymous_7)
FNDA:4,(anonymous_8)
DA:6,24
DA:8,12
DA:9,12
DA:11,4
DA:12,4
DA:13,4
DA:15,4
DA:16,4
DA:17,4
LF:9
LH:9
BRF:0
BRH:0
end_of_record
TN:
SF:src\store\posts\slices\fetch.ts
FNF:0
FNH:0
DA:4,4
DA:5,4
DA:6,4
DA:7,4
LF:4
LH:4
BRF:0
BRH:0
end_of_record
TN:
SF:src\store\posts\slices\list.ts
FNF:0
FNH:0
DA:6,4
DA:7,4
DA:8,4
DA:9,4
LF:4
LH:4
BRF:0
BRH:0
end_of_record
TN:
SF:src\store\profile\actions.ts
FNF:0
FNH:0
DA:5,10
LF:1
LH:1
BRF:0
BRH:0
end_of_record
TN:
SF:src\store\profile\index.ts
FNF:0
FNH:0
LF:0
LH:0
BRF:0
BRH:0
end_of_record
TN:
SF:src\store\profile\operations.ts
FN:8,(anonymous_0)
FN:8,(anonymous_1)
FN:13,(anonymous_2)
FN:17,(anonymous_3)
FN:30,(anonymous_4)
FN:30,(anonymous_5)
FN:37,(anonymous_6)
FN:41,(anonymous_7)
FNF:8
FNH:0
FNDA:0,(anonymous_0)
FNDA:0,(anonymous_1)
FNDA:0,(anonymous_2)
FNDA:0,(anonymous_3)
FNDA:0,(anonymous_4)
FNDA:0,(anonymous_5)
FNDA:0,(anonymous_6)
FNDA:0,(anonymous_7)
DA:8,10
DA:9,0
DA:11,0
DA:14,0
DA:15,0
DA:18,0
DA:19,0
DA:23,0
DA:26,0
DA:30,10
DA:31,0
DA:33,0
DA:38,0
DA:39,0
DA:42,0
DA:43,0
DA:47,0
DA:50,0
LF:18
LH:2
BRDA:18,0,0,0
BRDA:18,0,1,0
BRDA:42,1,0,0
BRDA:42,1,1,0
BRF:4
BRH:0
end_of_record
TN:
SF:src\store\profile\reducers.ts
FNF:0
FNH:0
DA:9,10
DA:10,10
LF:2
LH:2
BRF:0
BRH:0
end_of_record
TN:
SF:src\store\profile\selectors.ts
FN:7,(anonymous_0)
FN:9,(anonymous_1)
FN:10,(anonymous_2)
FN:11,(anonymous_3)
FN:13,(anonymous_4)
FN:15,(anonymous_5)
FN:16,(anonymous_6)
FN:17,(anonymous_7)
FN:19,(anonymous_8)
FN:21,(anonymous_9)
FN:23,(anonymous_10)
FN:26,(anonymous_11)
FN:28,(anonymous_12)
FN:30,(anonymous_13)
FNF:14
FNH:14
FNDA:53,(anonymous_0)
FNDA:30,(anonymous_1)
FNDA:8,(anonymous_2)
FNDA:15,(anonymous_3)
FNDA:8,(anonymous_4)
FNDA:5,(anonymous_5)
FNDA:5,(anonymous_6)
FNDA:5,(anonymous_7)
FNDA:5,(anonymous_8)
FNDA:5,(anonymous_9)
FNDA:5,(anonymous_10)
FNDA:5,(anonymous_11)
FNDA:5,(anonymous_12)
FNDA:5,(anonymous_13)
DA:7,53
DA:9,30
DA:10,10
DA:11,15
DA:13,10
DA:15,10
DA:16,10
DA:17,10
DA:19,10
DA:20,5
DA:21,10
DA:22,5
DA:23,10
DA:24,5
DA:26,10
DA:27,5
DA:28,10
DA:29,5
DA:30,10
DA:31,5
LF:20
LH:20
BRDA:19,0,0,5
BRDA:21,1,0,5
BRDA:23,2,0,5
BRDA:26,3,0,5
BRDA:28,4,0,5
BRDA:30,5,0,5
BRF:6
BRH:6
end_of_record
TN:
SF:src\store\profile\slices\fetch.ts
FNF:0
FNH:0
DA:10,10
DA:11,10
DA:12,10
DA:13,10
DA:15,10
DA:16,10
DA:17,10
DA:18,10
DA:20,10
DA:25,10
DA:30,10
LF:11
LH:11
BRF:0
BRH:0
end_of_record
TN:
SF:src\store\profile\slices\item.ts
FNF:0
FNH:0
DA:6,10
DA:7,10
DA:8,10
DA:9,10
LF:4
LH:4
BRF:0
BRH:0
end_of_record
TN:
SF:src\store\profile\slices\list.ts
FNF:0
FNH:0
DA:6,10
DA:7,10
DA:8,10
DA:9,10
LF:4
LH:4
BRF:0
BRH:0
end_of_record
TN:
SF:src\store\users\actions.ts
FNF:0
FNH:0
DA:4,4
LF:1
LH:1
BRF:0
BRH:0
end_of_record
TN:
SF:src\store\users\index.ts
FNF:0
FNH:0
LF:0
LH:0
BRF:0
BRH:0
end_of_record
TN:
SF:src\store\users\operations.ts
FN:5,(anonymous_0)
FN:5,(anonymous_1)
FN:10,(anonymous_2)
FN:14,(anonymous_3)
FNF:4
FNH:0
FNDA:0,(anonymous_0)
FNDA:0,(anonymous_1)
FNDA:0,(anonymous_2)
FNDA:0,(anonymous_3)
DA:5,4
DA:6,0
DA:8,0
DA:11,0
DA:12,0
DA:15,0
DA:17,0
LF:7
LH:1
BRF:0
BRH:0
end_of_record
TN:
SF:src\store\users\reducers.ts
FNF:0
FNH:0
DA:8,4
LF:1
LH:1
BRF:0
BRH:0
end_of_record
TN:
SF:src\store\users\selectors.ts
FN:6,(anonymous_0)
FN:8,(anonymous_1)
FN:9,(anonymous_2)
FN:11,(anonymous_3)
FN:12,(anonymous_4)
FN:13,(anonymous_5)
FN:15,(anonymous_6)
FN:16,(anonymous_7)
FN:17,(anonymous_8)
FNF:9
FNH:9
FNDA:18,(anonymous_0)
FNDA:9,(anonymous_1)
FNDA:9,(anonymous_2)
FNDA:3,(anonymous_3)
FNDA:3,(anonymous_4)
FNDA:3,(anonymous_5)
FNDA:3,(anonymous_6)
FNDA:3,(anonymous_7)
FNDA:3,(anonymous_8)
DA:6,18
DA:8,9
DA:9,9
DA:11,4
DA:12,4
DA:13,4
DA:15,4
DA:16,4
DA:17,4
LF:9
LH:9
BRF:0
BRH:0
end_of_record
TN:
SF:src\store\users\slices\fetch.ts
FNF:0
FNH:0
DA:4,4
DA:5,4
DA:6,4
DA:7,4
LF:4
LH:4
BRF:0
BRH:0
end_of_record
TN:
SF:src\store\users\slices\list.ts
FNF:0
FNH:0
DA:6,4
DA:7,4
DA:8,4
DA:9,4
LF:4
LH:4
BRF:0
BRH:0
end_of_record
TN:
SF:src\types\comment.ts
FNF:0
FNH:0
LF:0
LH:0
BRF:0
BRH:0
end_of_record
TN:
SF:src\types\index.ts
FNF:0
FNH:0
LF:0
LH:0
BRF:0
BRH:0
end_of_record
TN:
SF:src\types\lists.ts
FNF:0
FNH:0
LF:0
LH:0
BRF:0
BRH:0
end_of_record
TN:
SF:src\types\post.ts
FNF:0
FNH:0
LF:0
LH:0
BRF:0
BRH:0
end_of_record
TN:
SF:src\types\user.ts
FNF:0
FNH:0
LF:0
LH:0
BRF:0
BRH:0
end_of_record
TN:
SF:src\utils\data.ts
FN:4,(anonymous_0)
FN:12,(anonymous_1)
FN:20,(anonymous_2)
FN:28,(anonymous_3)
FN:48,(anonymous_4)
FN:49,(anonymous_5)
FN:50,(anonymous_6)
FN:52,(anonymous_7)
FN:62,(anonymous_8)
FN:63,(anonymous_9)
FNF:10
FNH:10
FNDA:102,(anonymous_0)
FNDA:62,(anonymous_1)
FNDA:12,(anonymous_2)
FNDA:10,(anonymous_3)
FNDA:5,(anonymous_4)
FNDA:15,(anonymous_5)
FNDA:5,(anonymous_6)
FNDA:13,(anonymous_7)
FNDA:7,(anonymous_8)
FNDA:92,(anonymous_9)
DA:4,102
DA:12,62
DA:20,34
DA:28,34
DA:48,34
DA:49,34
DA:50,34
DA:52,34
DA:53,13
DA:54,13
DA:56,13
DA:62,34
DA:63,34
DA:64,92
LF:14
LH:14
BRDA:64,0,0,14
BRDA:64,0,1,78
BRF:2
BRH:2
end_of_record
TN:
SF:src\utils\dom.ts
FN:1,(anonymous_0)
FN:2,(anonymous_1)
FNF:2
FNH:2
FNDA:5,(anonymous_0)
FNDA:3,(anonymous_1)
DA:1,34
DA:2,34
LF:2
LH:2
BRF:0
BRH:0
end_of_record
TN:
SF:src\utils\file.ts
FN:3,(anonymous_0)
FN:6,(anonymous_1)
FNF:2
FNH:2
FNDA:1,(anonymous_0)
FNDA:1,(anonymous_1)
DA:3,34
DA:4,1
DA:5,1
DA:6,1
LF:4
LH:4
BRF:0
BRH:0
end_of_record
TN:
SF:src\utils\index.ts
FNF:0
FNH:0
LF:0
LH:0
BRF:0
BRH:0
end_of_record
TN:
SF:src\utils\object.ts
FN:1,(anonymous_0)
FNF:1
FNH:1
FNDA:15,(anonymous_0)
DA:1,34
DA:2,15
LF:2
LH:2
BRF:0
BRH:0
end_of_record
TN:
SF:src\utils\request.ts
FN:1,(anonymous_0)
FN:2,(anonymous_1)
FNF:2
FNH:2
FNDA:2,(anonymous_0)
FNDA:2,(anonymous_1)
DA:1,34
DA:2,2
DA:3,2
DA:4,1
LF:4
LH:4
BRDA:3,0,0,1
BRDA:3,0,1,1
BRF:2
BRH:2
end_of_record
TN:
SF:src\utils\route.ts
FN:3,(anonymous_0)
FN:4,(anonymous_1)
FN:5,(anonymous_2)
FN:6,(anonymous_3)
FNF:4
FNH:4
FNDA:122,(anonymous_0)
FNDA:10,(anonymous_1)
FNDA:45,(anonymous_2)
FNDA:45,(anonymous_3)
DA:3,122
DA:4,34
DA:5,45
DA:6,45
LF:4
LH:4
BRF:0
BRH:0
end_of_record
TN:
SF:src\utils\validate.ts
FN:7,(anonymous_0)
FN:7,(anonymous_1)
FN:8,(anonymous_2)
FN:22,(anonymous_3)
FN:22,(anonymous_4)
FN:23,(anonymous_5)
FN:32,(anonymous_6)
FN:33,(anonymous_7)
FN:48,(anonymous_8)
FN:60,(anonymous_9)
FN:64,(anonymous_10)
FN:65,(anonymous_11)
FNF:12
FNH:12
FNDA:205,(anonymous_0)
FNDA:92,(anonymous_1)
FNDA:11,(anonymous_2)
FNDA:34,(anonymous_3)
FNDA:22,(anonymous_4)
FNDA:4,(anonymous_5)
FNDA:21,(anonymous_6)
FNDA:10,(anonymous_7)
FNDA:5,(anonymous_8)
FNDA:15,(anonymous_9)
FNDA:6,(anonymous_10)
FNDA:3,(anonymous_11)
DA:7,205
DA:9,11
DA:10,1
DA:12,10
DA:15,34
DA:16,34
DA:17,34
DA:18,34
DA:19,34
DA:20,34
DA:22,34
DA:24,4
DA:25,1
DA:27,3
DA:30,34
DA:32,34
DA:34,10
DA:36,10
DA:37,5
DA:40,5
DA:41,1
DA:44,4
DA:48,34
DA:49,5
DA:50,5
DA:51,1
DA:53,5
DA:54,5
DA:55,1
DA:57,5
DA:60,34
DA:64,34
DA:65,34
LF:33
LH:33
BRDA:9,0,0,1
BRDA:9,0,1,10
BRDA:24,1,0,1
BRDA:24,1,1,3
BRDA:36,2,0,5
BRDA:36,2,1,5
BRDA:36,3,0,10
BRDA:36,3,1,8
BRDA:40,4,0,1
BRDA:40,4,1,4
BRDA:40,5,0,5
BRDA:40,5,1,4
BRDA:49,6,0,5
BRDA:49,6,1,4
BRDA:50,7,0,1
BRDA:50,7,1,4
BRDA:54,8,0,1
BRDA:54,8,1,4
BRDA:57,9,0,5
BRDA:57,9,1,4
BRDA:57,9,2,2
BRDA:65,10,0,3
BRDA:65,10,1,3
BRF:23
BRH:23
end_of_record
